{"C:\\quantum-billing-repo\\nebulaterm-ai\\App.tsx": {"path":"C:\\quantum-billing-repo\\nebulaterm-ai\\App.tsx","statementMap":{"0":{"start":{"line":14,"column":34},"end":{"line":14,"column":null}},"1":{"start":{"line":15,"column":38},"end":{"line":15,"column":null}},"2":{"start":{"line":18,"column":2},"end":{"line":39,"column":null}},"3":{"start":{"line":19,"column":19},"end":{"line":36,"column":null}},"4":{"start":{"line":20,"column":6},"end":{"line":35,"column":null}},"5":{"start":{"line":21,"column":8},"end":{"line":21,"column":null}},"6":{"start":{"line":24,"column":28},"end":{"line":24,"column":null}},"7":{"start":{"line":26,"column":8},"end":{"line":30,"column":null}},"8":{"start":{"line":28,"column":29},"end":{"line":28,"column":null}},"9":{"start":{"line":29,"column":10},"end":{"line":29,"column":null}},"10":{"start":{"line":32,"column":8},"end":{"line":32,"column":null}},"11":{"start":{"line":34,"column":8},"end":{"line":34,"column":null}},"12":{"start":{"line":38,"column":4},"end":{"line":38,"column":null}},"13":{"start":{"line":41,"column":23},"end":{"line":43,"column":null}},"14":{"start":{"line":42,"column":4},"end":{"line":42,"column":null}},"15":{"start":{"line":45,"column":28},"end":{"line":66,"column":null}},"16":{"start":{"line":46,"column":18},"end":{"line":46,"column":null}},"17":{"start":{"line":47,"column":4},"end":{"line":47,"column":null}},"18":{"start":{"line":47,"column":15},"end":{"line":47,"column":null}},"19":{"start":{"line":48,"column":4},"end":{"line":65,"column":null}},"20":{"start":{"line":68,"column":28},"end":{"line":72,"column":null}},"21":{"start":{"line":69,"column":18},"end":{"line":69,"column":null}},"22":{"start":{"line":70,"column":4},"end":{"line":70,"column":null}},"23":{"start":{"line":70,"column":15},"end":{"line":70,"column":null}},"24":{"start":{"line":71,"column":4},"end":{"line":71,"column":null}},"25":{"start":{"line":74,"column":36},"end":{"line":88,"column":null}},"26":{"start":{"line":75,"column":18},"end":{"line":75,"column":null}},"27":{"start":{"line":76,"column":4},"end":{"line":76,"column":null}},"28":{"start":{"line":76,"column":15},"end":{"line":76,"column":null}},"29":{"start":{"line":77,"column":4},"end":{"line":87,"column":null}},"30":{"start":{"line":91,"column":30},"end":{"line":91,"column":null}},"31":{"start":{"line":92,"column":44},"end":{"line":92,"column":null}},"32":{"start":{"line":93,"column":42},"end":{"line":93,"column":null}},"33":{"start":{"line":94,"column":36},"end":{"line":94,"column":null}},"34":{"start":{"line":97,"column":2},"end":{"line":97,"column":null}},"35":{"start":{"line":97,"column":20},"end":{"line":97,"column":85}},"36":{"start":{"line":98,"column":2},"end":{"line":98,"column":null}},"37":{"start":{"line":98,"column":20},"end":{"line":98,"column":86}},"38":{"start":{"line":99,"column":2},"end":{"line":99,"column":null}},"39":{"start":{"line":99,"column":20},"end":{"line":99,"column":90}},"40":{"start":{"line":102,"column":25},"end":{"line":102,"column":null}},"41":{"start":{"line":104,"column":29},"end":{"line":119,"column":null}},"42":{"start":{"line":106,"column":25},"end":{"line":106,"column":null}},"43":{"start":{"line":107,"column":18},"end":{"line":107,"column":null}},"44":{"start":{"line":109,"column":32},"end":{"line":115,"column":null}},"45":{"start":{"line":117,"column":4},"end":{"line":117,"column":null}},"46":{"start":{"line":117,"column":24},"end":{"line":117,"column":45}},"47":{"start":{"line":118,"column":4},"end":{"line":118,"column":null}},"48":{"start":{"line":121,"column":29},"end":{"line":138,"column":null}},"49":{"start":{"line":122,"column":16},"end":{"line":122,"column":null}},"50":{"start":{"line":122,"column":40},"end":{"line":122,"column":51}},"51":{"start":{"line":123,"column":4},"end":{"line":123,"column":null}},"52":{"start":{"line":123,"column":20},"end":{"line":123,"column":null}},"53":{"start":{"line":125,"column":24},"end":{"line":125,"column":null}},"54":{"start":{"line":125,"column":45},"end":{"line":125,"column":56}},"55":{"start":{"line":126,"column":4},"end":{"line":126,"column":null}},"56":{"start":{"line":129,"column":4},"end":{"line":137,"column":null}},"57":{"start":{"line":130,"column":6},"end":{"line":136,"column":null}},"58":{"start":{"line":132,"column":23},"end":{"line":132,"column":null}},"59":{"start":{"line":133,"column":8},"end":{"line":133,"column":null}},"60":{"start":{"line":135,"column":8},"end":{"line":135,"column":null}},"61":{"start":{"line":140,"column":26},"end":{"line":140,"column":null}},"62":{"start":{"line":140,"column":49},"end":{"line":140,"column":null}},"63":{"start":{"line":141,"column":27},"end":{"line":141,"column":null}},"64":{"start":{"line":141,"column":54},"end":{"line":141,"column":null}},"65":{"start":{"line":141,"column":82},"end":{"line":141,"column":127}},"66":{"start":{"line":142,"column":29},"end":{"line":142,"column":null}},"67":{"start":{"line":142,"column":45},"end":{"line":142,"column":null}},"68":{"start":{"line":142,"column":76},"end":{"line":142,"column":87}},"69":{"start":{"line":143,"column":23},"end":{"line":143,"column":null}},"70":{"start":{"line":143,"column":40},"end":{"line":143,"column":null}},"71":{"start":{"line":144,"column":26},"end":{"line":149,"column":null}},"72":{"start":{"line":146,"column":4},"end":{"line":146,"column":null}},"73":{"start":{"line":148,"column":4},"end":{"line":148,"column":null}},"74":{"start":{"line":148,"column":35},"end":{"line":148,"column":46}},"75":{"start":{"line":152,"column":2},"end":{"line":154,"column":null}},"76":{"start":{"line":153,"column":4},"end":{"line":153,"column":null}},"77":{"start":{"line":157,"column":2},"end":{"line":166,"column":null}},"78":{"start":{"line":158,"column":4},"end":{"line":164,"column":null}},"79":{"start":{"line":168,"column":2},"end":{"line":250,"column":null}},"80":{"start":{"line":182,"column":30},"end":{"line":182,"column":null}},"81":{"start":{"line":183,"column":27},"end":{"line":183,"column":null}},"82":{"start":{"line":209,"column":29},"end":{"line":209,"column":null}},"83":{"start":{"line":209,"column":65},"end":{"line":209,"column":90}},"84":{"start":{"line":211,"column":14},"end":{"line":213,"column":null}},"85":{"start":{"line":212,"column":16},"end":{"line":212,"column":null}},"86":{"start":{"line":215,"column":31},"end":{"line":215,"column":null}},"87":{"start":{"line":217,"column":14},"end":{"line":232,"column":null}},"88":{"start":{"line":241,"column":23},"end":{"line":241,"column":null}},"89":{"start":{"line":248,"column":23},"end":{"line":248,"column":null}}},"fnMap":{"0":{"name":"App","decl":{"start":{"line":13,"column":9},"end":{"line":13,"column":15}},"loc":{"start":{"line":13,"column":15},"end":{"line":252,"column":null}},"line":13},"1":{"name":"(anonymous_1)","decl":{"start":{"line":18,"column":12},"end":{"line":18,"column":18}},"loc":{"start":{"line":18,"column":18},"end":{"line":39,"column":5}},"line":18},"2":{"name":"(anonymous_2)","decl":{"start":{"line":19,"column":19},"end":{"line":19,"column":31}},"loc":{"start":{"line":19,"column":31},"end":{"line":36,"column":null}},"line":19},"3":{"name":"(anonymous_3)","decl":{"start":{"line":41,"column":23},"end":{"line":41,"column":29}},"loc":{"start":{"line":41,"column":29},"end":{"line":43,"column":null}},"line":41},"4":{"name":"(anonymous_4)","decl":{"start":{"line":45,"column":51},"end":{"line":45,"column":57}},"loc":{"start":{"line":45,"column":57},"end":{"line":66,"column":3}},"line":45},"5":{"name":"(anonymous_5)","decl":{"start":{"line":68,"column":51},"end":{"line":68,"column":57}},"loc":{"start":{"line":68,"column":57},"end":{"line":72,"column":3}},"line":68},"6":{"name":"(anonymous_6)","decl":{"start":{"line":74,"column":62},"end":{"line":74,"column":68}},"loc":{"start":{"line":74,"column":68},"end":{"line":88,"column":3}},"line":74},"7":{"name":"(anonymous_7)","decl":{"start":{"line":97,"column":12},"end":{"line":97,"column":18}},"loc":{"start":{"line":97,"column":18},"end":{"line":97,"column":88}},"line":97},"8":{"name":"(anonymous_8)","decl":{"start":{"line":98,"column":12},"end":{"line":98,"column":18}},"loc":{"start":{"line":98,"column":18},"end":{"line":98,"column":89}},"line":98},"9":{"name":"(anonymous_9)","decl":{"start":{"line":99,"column":12},"end":{"line":99,"column":18}},"loc":{"start":{"line":99,"column":18},"end":{"line":99,"column":93}},"line":99},"10":{"name":"(anonymous_10)","decl":{"start":{"line":104,"column":29},"end":{"line":104,"column":30}},"loc":{"start":{"line":104,"column":49},"end":{"line":119,"column":null}},"line":104},"11":{"name":"(anonymous_11)","decl":{"start":{"line":117,"column":16},"end":{"line":117,"column":24}},"loc":{"start":{"line":117,"column":24},"end":{"line":117,"column":45}},"line":117},"12":{"name":"(anonymous_12)","decl":{"start":{"line":121,"column":29},"end":{"line":121,"column":30}},"loc":{"start":{"line":121,"column":45},"end":{"line":138,"column":null}},"line":121},"13":{"name":"(anonymous_13)","decl":{"start":{"line":122,"column":35},"end":{"line":122,"column":40}},"loc":{"start":{"line":122,"column":40},"end":{"line":122,"column":51}},"line":122},"14":{"name":"(anonymous_14)","decl":{"start":{"line":125,"column":40},"end":{"line":125,"column":45}},"loc":{"start":{"line":125,"column":45},"end":{"line":125,"column":56}},"line":125},"15":{"name":"(anonymous_15)","decl":{"start":{"line":140,"column":26},"end":{"line":140,"column":27}},"loc":{"start":{"line":140,"column":49},"end":{"line":140,"column":null}},"line":140},"16":{"name":"(anonymous_16)","decl":{"start":{"line":141,"column":27},"end":{"line":141,"column":28}},"loc":{"start":{"line":141,"column":54},"end":{"line":141,"column":null}},"line":141},"17":{"name":"(anonymous_17)","decl":{"start":{"line":141,"column":77},"end":{"line":141,"column":82}},"loc":{"start":{"line":141,"column":82},"end":{"line":141,"column":127}},"line":141},"18":{"name":"(anonymous_18)","decl":{"start":{"line":142,"column":29},"end":{"line":142,"column":30}},"loc":{"start":{"line":142,"column":45},"end":{"line":142,"column":null}},"line":142},"19":{"name":"(anonymous_19)","decl":{"start":{"line":142,"column":71},"end":{"line":142,"column":76}},"loc":{"start":{"line":142,"column":76},"end":{"line":142,"column":87}},"line":142},"20":{"name":"(anonymous_20)","decl":{"start":{"line":143,"column":23},"end":{"line":143,"column":24}},"loc":{"start":{"line":143,"column":40},"end":{"line":143,"column":null}},"line":143},"21":{"name":"(anonymous_21)","decl":{"start":{"line":144,"column":26},"end":{"line":144,"column":27}},"loc":{"start":{"line":144,"column":42},"end":{"line":149,"column":null}},"line":144},"22":{"name":"(anonymous_22)","decl":{"start":{"line":148,"column":30},"end":{"line":148,"column":35}},"loc":{"start":{"line":148,"column":35},"end":{"line":148,"column":46}},"line":148},"23":{"name":"(anonymous_23)","decl":{"start":{"line":182,"column":24},"end":{"line":182,"column":30}},"loc":{"start":{"line":182,"column":30},"end":{"line":182,"column":null}},"line":182},"24":{"name":"(anonymous_24)","decl":{"start":{"line":183,"column":21},"end":{"line":183,"column":27}},"loc":{"start":{"line":183,"column":27},"end":{"line":183,"column":null}},"line":183},"25":{"name":"(anonymous_25)","decl":{"start":{"line":207,"column":25},"end":{"line":207,"column":26}},"loc":{"start":{"line":207,"column":38},"end":{"line":234,"column":13}},"line":207},"26":{"name":"(anonymous_26)","decl":{"start":{"line":209,"column":60},"end":{"line":209,"column":65}},"loc":{"start":{"line":209,"column":65},"end":{"line":209,"column":90}},"line":209},"27":{"name":"(anonymous_27)","decl":{"start":{"line":241,"column":17},"end":{"line":241,"column":23}},"loc":{"start":{"line":241,"column":23},"end":{"line":241,"column":null}},"line":241},"28":{"name":"(anonymous_28)","decl":{"start":{"line":248,"column":17},"end":{"line":248,"column":23}},"loc":{"start":{"line":248,"column":23},"end":{"line":248,"column":null}},"line":248}},"branchMap":{"0":{"loc":{"start":{"line":26,"column":8},"end":{"line":30,"column":null}},"type":"if","locations":[{"start":{"line":26,"column":8},"end":{"line":30,"column":null}},{"start":{},"end":{}}],"line":26},"1":{"loc":{"start":{"line":47,"column":4},"end":{"line":47,"column":null}},"type":"if","locations":[{"start":{"line":47,"column":4},"end":{"line":47,"column":null}},{"start":{},"end":{}}],"line":47},"2":{"loc":{"start":{"line":70,"column":4},"end":{"line":70,"column":null}},"type":"if","locations":[{"start":{"line":70,"column":4},"end":{"line":70,"column":null}},{"start":{},"end":{}}],"line":70},"3":{"loc":{"start":{"line":76,"column":4},"end":{"line":76,"column":null}},"type":"if","locations":[{"start":{"line":76,"column":4},"end":{"line":76,"column":null}},{"start":{},"end":{}}],"line":76},"4":{"loc":{"start":{"line":80,"column":41},"end":{"line":80,"column":68}},"type":"binary-expr","locations":[{"start":{"line":80,"column":41},"end":{"line":80,"column":64}},{"start":{"line":80,"column":64},"end":{"line":80,"column":68}}],"line":80},"5":{"loc":{"start":{"line":114,"column":14},"end":{"line":114,"column":null}},"type":"cond-expr","locations":[{"start":{"line":114,"column":31},"end":{"line":114,"column":40}},{"start":{"line":114,"column":40},"end":{"line":114,"column":null}}],"line":114},"6":{"loc":{"start":{"line":123,"column":4},"end":{"line":123,"column":null}},"type":"if","locations":[{"start":{"line":123,"column":4},"end":{"line":123,"column":null}},{"start":{},"end":{}}],"line":123},"7":{"loc":{"start":{"line":129,"column":4},"end":{"line":137,"column":null}},"type":"if","locations":[{"start":{"line":129,"column":4},"end":{"line":137,"column":null}},{"start":{},"end":{}}],"line":129},"8":{"loc":{"start":{"line":130,"column":6},"end":{"line":136,"column":null}},"type":"if","locations":[{"start":{"line":130,"column":6},"end":{"line":136,"column":null}},{"start":{"line":134,"column":13},"end":{"line":136,"column":null}}],"line":130},"9":{"loc":{"start":{"line":141,"column":82},"end":{"line":141,"column":127}},"type":"cond-expr","locations":[{"start":{"line":141,"column":110},"end":{"line":141,"column":126}},{"start":{"line":141,"column":126},"end":{"line":141,"column":127}}],"line":141},"10":{"loc":{"start":{"line":152,"column":2},"end":{"line":154,"column":null}},"type":"if","locations":[{"start":{"line":152,"column":2},"end":{"line":154,"column":null}},{"start":{},"end":{}}],"line":152},"11":{"loc":{"start":{"line":157,"column":2},"end":{"line":166,"column":null}},"type":"if","locations":[{"start":{"line":157,"column":2},"end":{"line":166,"column":null}},{"start":{},"end":{}}],"line":157},"12":{"loc":{"start":{"line":200,"column":11},"end":{"line":234,"column":null}},"type":"cond-expr","locations":[{"start":{"line":201,"column":12},"end":{"line":205,"column":null}},{"start":{"line":207,"column":12},"end":{"line":234,"column":null}}],"line":200},"13":{"loc":{"start":{"line":209,"column":29},"end":{"line":209,"column":null}},"type":"binary-expr","locations":[{"start":{"line":209,"column":29},"end":{"line":209,"column":47}},{"start":{"line":209,"column":47},"end":{"line":209,"column":null}}],"line":209},"14":{"loc":{"start":{"line":211,"column":14},"end":{"line":213,"column":null}},"type":"if","locations":[{"start":{"line":211,"column":14},"end":{"line":213,"column":null}},{"start":{},"end":{}}],"line":211},"15":{"loc":{"start":{"line":222,"column":28},"end":{"line":222,"column":null}},"type":"cond-expr","locations":[{"start":{"line":222,"column":39},"end":{"line":222,"column":44}},{"start":{"line":222,"column":44},"end":{"line":222,"column":null}}],"line":222},"16":{"loc":{"start":{"line":223,"column":32},"end":{"line":223,"column":null}},"type":"cond-expr","locations":[{"start":{"line":223,"column":43},"end":{"line":223,"column":55}},{"start":{"line":223,"column":55},"end":{"line":223,"column":null}}],"line":223},"17":{"loc":{"start":{"line":224,"column":35},"end":{"line":224,"column":null}},"type":"cond-expr","locations":[{"start":{"line":224,"column":46},"end":{"line":224,"column":55}},{"start":{"line":224,"column":55},"end":{"line":224,"column":null}}],"line":224}},"s":{"0":42,"1":42,"2":42,"3":15,"4":15,"5":15,"6":15,"7":15,"8":2,"9":2,"10":0,"11":15,"12":15,"13":42,"14":0,"15":42,"16":15,"17":15,"18":2,"19":13,"20":42,"21":15,"22":15,"23":1,"24":14,"25":42,"26":15,"27":15,"28":0,"29":15,"30":42,"31":42,"32":42,"33":42,"34":42,"35":16,"36":42,"37":15,"38":42,"39":15,"40":42,"41":42,"42":6,"43":6,"44":6,"45":6,"46":6,"47":6,"48":42,"49":3,"50":3,"51":3,"52":0,"53":3,"54":4,"55":3,"56":3,"57":3,"58":0,"59":0,"60":3,"61":42,"62":0,"63":42,"64":0,"65":0,"66":42,"67":1,"68":2,"69":42,"70":0,"71":42,"72":0,"73":0,"74":0,"75":42,"76":1,"77":40,"78":15,"79":25,"80":0,"81":1,"82":8,"83":9,"84":8,"85":1,"86":7,"87":7,"88":0,"89":0},"f":{"0":42,"1":15,"2":15,"3":0,"4":15,"5":15,"6":15,"7":16,"8":15,"9":15,"10":6,"11":6,"12":3,"13":3,"14":4,"15":0,"16":0,"17":0,"18":1,"19":2,"20":0,"21":0,"22":0,"23":0,"24":1,"25":8,"26":9,"27":0,"28":0},"b":{"0":[2,13],"1":[2,13],"2":[1,14],"3":[0,15],"4":[15,15],"5":[0,6],"6":[0,3],"7":[3,0],"8":[0,3],"9":[0,0],"10":[1,41],"11":[15,25],"12":[18,7],"13":[8,8],"14":[1,7],"15":[7,0],"16":[7,0],"17":[7,0]},"meta":{"lastBranch":18,"lastFunction":29,"lastStatement":90,"seen":{"f:13:9:13:15":0,"s:14:34:14:Infinity":0,"s:15:38:15:Infinity":1,"s:18:2:39:Infinity":2,"f:18:12:18:18":1,"s:19:19:36:Infinity":3,"f:19:19:19:31":2,"s:20:6:35:Infinity":4,"s:21:8:21:Infinity":5,"s:24:28:24:Infinity":6,"b:26:8:30:Infinity:undefined:undefined:undefined:undefined":0,"s:26:8:30:Infinity":7,"s:28:29:28:Infinity":8,"s:29:10:29:Infinity":9,"s:32:8:32:Infinity":10,"s:34:8:34:Infinity":11,"s:38:4:38:Infinity":12,"s:41:23:43:Infinity":13,"f:41:23:41:29":3,"s:42:4:42:Infinity":14,"s:45:28:66:Infinity":15,"f:45:51:45:57":4,"s:46:18:46:Infinity":16,"b:47:4:47:Infinity:undefined:undefined:undefined:undefined":1,"s:47:4:47:Infinity":17,"s:47:15:47:Infinity":18,"s:48:4:65:Infinity":19,"s:68:28:72:Infinity":20,"f:68:51:68:57":5,"s:69:18:69:Infinity":21,"b:70:4:70:Infinity:undefined:undefined:undefined:undefined":2,"s:70:4:70:Infinity":22,"s:70:15:70:Infinity":23,"s:71:4:71:Infinity":24,"s:74:36:88:Infinity":25,"f:74:62:74:68":6,"s:75:18:75:Infinity":26,"b:76:4:76:Infinity:undefined:undefined:undefined:undefined":3,"s:76:4:76:Infinity":27,"s:76:15:76:Infinity":28,"s:77:4:87:Infinity":29,"b:80:41:80:64:80:64:80:68":4,"s:91:30:91:Infinity":30,"s:92:44:92:Infinity":31,"s:93:42:93:Infinity":32,"s:94:36:94:Infinity":33,"s:97:2:97:Infinity":34,"f:97:12:97:18":7,"s:97:20:97:85":35,"s:98:2:98:Infinity":36,"f:98:12:98:18":8,"s:98:20:98:86":37,"s:99:2:99:Infinity":38,"f:99:12:99:18":9,"s:99:20:99:90":39,"s:102:25:102:Infinity":40,"s:104:29:119:Infinity":41,"f:104:29:104:30":10,"s:106:25:106:Infinity":42,"s:107:18:107:Infinity":43,"s:109:32:115:Infinity":44,"b:114:31:114:40:114:40:114:Infinity":5,"s:117:4:117:Infinity":45,"f:117:16:117:24":11,"s:117:24:117:45":46,"s:118:4:118:Infinity":47,"s:121:29:138:Infinity":48,"f:121:29:121:30":12,"s:122:16:122:Infinity":49,"f:122:35:122:40":13,"s:122:40:122:51":50,"b:123:4:123:Infinity:undefined:undefined:undefined:undefined":6,"s:123:4:123:Infinity":51,"s:123:20:123:Infinity":52,"s:125:24:125:Infinity":53,"f:125:40:125:45":14,"s:125:45:125:56":54,"s:126:4:126:Infinity":55,"b:129:4:137:Infinity:undefined:undefined:undefined:undefined":7,"s:129:4:137:Infinity":56,"b:130:6:136:Infinity:134:13:136:Infinity":8,"s:130:6:136:Infinity":57,"s:132:23:132:Infinity":58,"s:133:8:133:Infinity":59,"s:135:8:135:Infinity":60,"s:140:26:140:Infinity":61,"f:140:26:140:27":15,"s:140:49:140:Infinity":62,"s:141:27:141:Infinity":63,"f:141:27:141:28":16,"s:141:54:141:Infinity":64,"f:141:77:141:82":17,"s:141:82:141:127":65,"b:141:110:141:126:141:126:141:127":9,"s:142:29:142:Infinity":66,"f:142:29:142:30":18,"s:142:45:142:Infinity":67,"f:142:71:142:76":19,"s:142:76:142:87":68,"s:143:23:143:Infinity":69,"f:143:23:143:24":20,"s:143:40:143:Infinity":70,"s:144:26:149:Infinity":71,"f:144:26:144:27":21,"s:146:4:146:Infinity":72,"s:148:4:148:Infinity":73,"f:148:30:148:35":22,"s:148:35:148:46":74,"b:152:2:154:Infinity:undefined:undefined:undefined:undefined":10,"s:152:2:154:Infinity":75,"s:153:4:153:Infinity":76,"b:157:2:166:Infinity:undefined:undefined:undefined:undefined":11,"s:157:2:166:Infinity":77,"s:158:4:164:Infinity":78,"s:168:2:250:Infinity":79,"f:182:24:182:30":23,"s:182:30:182:Infinity":80,"f:183:21:183:27":24,"s:183:27:183:Infinity":81,"b:201:12:205:Infinity:207:12:234:Infinity":12,"f:207:25:207:26":25,"s:209:29:209:Infinity":82,"b:209:29:209:47:209:47:209:Infinity":13,"f:209:60:209:65":26,"s:209:65:209:90":83,"b:211:14:213:Infinity:undefined:undefined:undefined:undefined":14,"s:211:14:213:Infinity":84,"s:212:16:212:Infinity":85,"s:215:31:215:Infinity":86,"s:217:14:232:Infinity":87,"b:222:39:222:44:222:44:222:Infinity":15,"b:223:43:223:55:223:55:223:Infinity":16,"b:224:46:224:55:224:55:224:Infinity":17,"f:241:17:241:23":27,"s:241:23:241:Infinity":88,"f:248:17:248:23":28,"s:248:23:248:Infinity":89}}}
,"C:\\quantum-billing-repo\\nebulaterm-ai\\index.tsx": {"path":"C:\\quantum-billing-repo\\nebulaterm-ai\\index.tsx","statementMap":{"0":{"start":{"line":6,"column":20},"end":{"line":6,"column":null}},"1":{"start":{"line":7,"column":0},"end":{"line":9,"column":null}},"2":{"start":{"line":8,"column":2},"end":{"line":8,"column":null}},"3":{"start":{"line":11,"column":13},"end":{"line":11,"column":null}},"4":{"start":{"line":12,"column":0},"end":{"line":16,"column":null}}},"fnMap":{},"branchMap":{"0":{"loc":{"start":{"line":7,"column":0},"end":{"line":9,"column":null}},"type":"if","locations":[{"start":{"line":7,"column":0},"end":{"line":9,"column":null}},{"start":{},"end":{}}],"line":7}},"s":{"0":0,"1":0,"2":0,"3":0,"4":0},"f":{},"b":{"0":[0,0]},"meta":{"lastBranch":1,"lastFunction":0,"lastStatement":5,"seen":{"s:6:20:6:Infinity":0,"b:7:0:9:Infinity:undefined:undefined:undefined:undefined":0,"s:7:0:9:Infinity":1,"s:8:2:8:Infinity":2,"s:11:13:11:Infinity":3,"s:12:0:16:Infinity":4}}}
,"C:\\quantum-billing-repo\\nebulaterm-ai\\types.ts": {"path":"C:\\quantum-billing-repo\\nebulaterm-ai\\types.ts","statementMap":{"0":{"start":{"line":35,"column":7},"end":{"line":35,"column":null}},"1":{"start":{"line":36,"column":2},"end":{"line":36,"column":null}},"2":{"start":{"line":37,"column":2},"end":{"line":37,"column":null}},"3":{"start":{"line":38,"column":2},"end":{"line":38,"column":null}},"4":{"start":{"line":39,"column":2},"end":{"line":39,"column":null}},"5":{"start":{"line":35,"column":12},"end":{"line":35,"column":null}}},"fnMap":{"0":{"name":"(anonymous_0)","decl":{"start":{"line":35,"column":7},"end":{"line":35,"column":12}},"loc":{"start":{"line":35,"column":7},"end":{"line":35,"column":null}},"line":35}},"branchMap":{"0":{"loc":{"start":{"line":35,"column":12},"end":{"line":35,"column":null}},"type":"binary-expr","locations":[{"start":{"line":35,"column":12},"end":{"line":35,"column":null}},{"start":{"line":35,"column":12},"end":{"line":35,"column":null}}],"line":35}},"s":{"0":2,"1":2,"2":2,"3":2,"4":2,"5":2},"f":{"0":2},"b":{"0":[2,2]},"meta":{"lastBranch":1,"lastFunction":1,"lastStatement":6,"seen":{"s:35:7:35:Infinity":0,"f:35:7:35:12":0,"s:36:2:36:Infinity":1,"s:37:2:37:Infinity":2,"s:38:2:38:Infinity":3,"s:39:2:39:Infinity":4,"s:35:12:35:Infinity":5,"b:35:12:35:Infinity:35:12:35:Infinity":0}}}
,"C:\\quantum-billing-repo\\nebulaterm-ai\\components\\AboutModal.tsx": {"path":"C:\\quantum-billing-repo\\nebulaterm-ai\\components\\AboutModal.tsx","statementMap":{"0":{"start":{"line":9,"column":46},"end":{"line":132,"column":null}},"1":{"start":{"line":10,"column":2},"end":{"line":10,"column":null}},"2":{"start":{"line":10,"column":15},"end":{"line":10,"column":null}},"3":{"start":{"line":12,"column":2},"end":{"line":130,"column":null}}},"fnMap":{"0":{"name":"(anonymous_0)","decl":{"start":{"line":9,"column":46},"end":{"line":9,"column":47}},"loc":{"start":{"line":9,"column":71},"end":{"line":132,"column":null}},"line":9}},"branchMap":{"0":{"loc":{"start":{"line":10,"column":2},"end":{"line":10,"column":null}},"type":"if","locations":[{"start":{"line":10,"column":2},"end":{"line":10,"column":null}},{"start":{},"end":{}}],"line":10}},"s":{"0":2,"1":34,"2":25,"3":9},"f":{"0":34},"b":{"0":[25,9]},"meta":{"lastBranch":1,"lastFunction":1,"lastStatement":4,"seen":{"s:9:46:132:Infinity":0,"f:9:46:9:47":0,"b:10:2:10:Infinity:undefined:undefined:undefined:undefined":0,"s:10:2:10:Infinity":1,"s:10:15:10:Infinity":2,"s:12:2:130:Infinity":3}}}
,"C:\\quantum-billing-repo\\nebulaterm-ai\\components\\SSHKeyManager.tsx": {"path":"C:\\quantum-billing-repo\\nebulaterm-ai\\components\\SSHKeyManager.tsx","statementMap":{"0":{"start":{"line":14,"column":52},"end":{"line":178,"column":null}},"1":{"start":{"line":15,"column":30},"end":{"line":15,"column":null}},"2":{"start":{"line":16,"column":34},"end":{"line":16,"column":null}},"3":{"start":{"line":17,"column":40},"end":{"line":17,"column":null}},"4":{"start":{"line":18,"column":46},"end":{"line":18,"column":null}},"5":{"start":{"line":19,"column":30},"end":{"line":19,"column":null}},"6":{"start":{"line":20,"column":32},"end":{"line":20,"column":null}},"7":{"start":{"line":22,"column":2},"end":{"line":22,"column":null}},"8":{"start":{"line":22,"column":15},"end":{"line":22,"column":null}},"9":{"start":{"line":24,"column":21},"end":{"line":59,"column":null}},"10":{"start":{"line":25,"column":4},"end":{"line":58,"column":null}},"11":{"start":{"line":26,"column":20},"end":{"line":26,"column":null}},"12":{"start":{"line":27,"column":6},"end":{"line":27,"column":null}},"13":{"start":{"line":28,"column":6},"end":{"line":28,"column":null}},"14":{"start":{"line":30,"column":6},"end":{"line":57,"column":null}},"15":{"start":{"line":32,"column":24},"end":{"line":35,"column":null}},"16":{"start":{"line":37,"column":8},"end":{"line":37,"column":null}},"17":{"start":{"line":40,"column":8},"end":{"line":46,"column":null}},"18":{"start":{"line":48,"column":8},"end":{"line":48,"column":null}},"19":{"start":{"line":49,"column":8},"end":{"line":49,"column":null}},"20":{"start":{"line":50,"column":8},"end":{"line":50,"column":null}},"21":{"start":{"line":51,"column":8},"end":{"line":51,"column":null}},"22":{"start":{"line":52,"column":8},"end":{"line":52,"column":null}},"23":{"start":{"line":54,"column":8},"end":{"line":54,"column":null}},"24":{"start":{"line":55,"column":8},"end":{"line":55,"column":null}},"25":{"start":{"line":56,"column":8},"end":{"line":56,"column":null}},"26":{"start":{"line":61,"column":2},"end":{"line":176,"column":null}},"27":{"start":{"line":75,"column":30},"end":{"line":75,"column":null}},"28":{"start":{"line":84,"column":15},"end":{"line":92,"column":null}},"29":{"start":{"line":89,"column":40},"end":{"line":89,"column":59}},"30":{"start":{"line":104,"column":36},"end":{"line":104,"column":null}},"31":{"start":{"line":114,"column":36},"end":{"line":114,"column":null}},"32":{"start":{"line":130,"column":36},"end":{"line":130,"column":null}},"33":{"start":{"line":138,"column":22},"end":{"line":138,"column":null}},"34":{"start":{"line":139,"column":22},"end":{"line":139,"column":null}}},"fnMap":{"0":{"name":"(anonymous_0)","decl":{"start":{"line":14,"column":52},"end":{"line":14,"column":53}},"loc":{"start":{"line":14,"column":106},"end":{"line":178,"column":null}},"line":14},"1":{"name":"(anonymous_1)","decl":{"start":{"line":24,"column":21},"end":{"line":24,"column":33}},"loc":{"start":{"line":24,"column":33},"end":{"line":59,"column":null}},"line":24},"2":{"name":"(anonymous_2)","decl":{"start":{"line":75,"column":24},"end":{"line":75,"column":30}},"loc":{"start":{"line":75,"column":30},"end":{"line":75,"column":null}},"line":75},"3":{"name":"(anonymous_3)","decl":{"start":{"line":83,"column":23},"end":{"line":83,"column":null}},"loc":{"start":{"line":84,"column":15},"end":{"line":92,"column":null}},"line":84},"4":{"name":"(anonymous_4)","decl":{"start":{"line":89,"column":34},"end":{"line":89,"column":40}},"loc":{"start":{"line":89,"column":40},"end":{"line":89,"column":59}},"line":89},"5":{"name":"(anonymous_5)","decl":{"start":{"line":104,"column":31},"end":{"line":104,"column":36}},"loc":{"start":{"line":104,"column":36},"end":{"line":104,"column":null}},"line":104},"6":{"name":"(anonymous_6)","decl":{"start":{"line":114,"column":31},"end":{"line":114,"column":36}},"loc":{"start":{"line":114,"column":36},"end":{"line":114,"column":null}},"line":114},"7":{"name":"(anonymous_7)","decl":{"start":{"line":130,"column":31},"end":{"line":130,"column":36}},"loc":{"start":{"line":130,"column":36},"end":{"line":130,"column":null}},"line":130},"8":{"name":"(anonymous_8)","decl":{"start":{"line":137,"column":29},"end":{"line":137,"column":35}},"loc":{"start":{"line":137,"column":35},"end":{"line":140,"column":null}},"line":137}},"branchMap":{"0":{"loc":{"start":{"line":22,"column":2},"end":{"line":22,"column":null}},"type":"if","locations":[{"start":{"line":22,"column":2},"end":{"line":22,"column":null}},{"start":{},"end":{}}],"line":22},"1":{"loc":{"start":{"line":25,"column":4},"end":{"line":58,"column":null}},"type":"if","locations":[{"start":{"line":25,"column":4},"end":{"line":58,"column":null}},{"start":{},"end":{}}],"line":25},"2":{"loc":{"start":{"line":25,"column":8},"end":{"line":25,"column":37}},"type":"binary-expr","locations":[{"start":{"line":25,"column":8},"end":{"line":25,"column":22}},{"start":{"line":25,"column":22},"end":{"line":25,"column":37}}],"line":25},"3":{"loc":{"start":{"line":45,"column":22},"end":{"line":45,"column":null}},"type":"binary-expr","locations":[{"start":{"line":45,"column":22},"end":{"line":45,"column":42}},{"start":{"line":45,"column":42},"end":{"line":45,"column":null}}],"line":45},"4":{"loc":{"start":{"line":80,"column":14},"end":{"line":81,"column":null}},"type":"binary-expr","locations":[{"start":{"line":80,"column":14},"end":{"line":80,"column":35}},{"start":{"line":80,"column":35},"end":{"line":80,"column":null}},{"start":{"line":81,"column":15},"end":{"line":81,"column":null}}],"line":80},"5":{"loc":{"start":{"line":98,"column":13},"end":{"line":171,"column":null}},"type":"cond-expr","locations":[{"start":{"line":99,"column":14},"end":{"line":163,"column":null}},{"start":{"line":165,"column":14},"end":{"line":171,"column":null}}],"line":98},"6":{"loc":{"start":{"line":120,"column":17},"end":{"line":123,"column":null}},"type":"binary-expr","locations":[{"start":{"line":120,"column":17},"end":{"line":120,"column":null}},{"start":{"line":121,"column":18},"end":{"line":123,"column":null}}],"line":120},"7":{"loc":{"start":{"line":148,"column":30},"end":{"line":148,"column":null}},"type":"binary-expr","locations":[{"start":{"line":148,"column":30},"end":{"line":148,"column":45}},{"start":{"line":148,"column":45},"end":{"line":148,"column":63}},{"start":{"line":148,"column":63},"end":{"line":148,"column":null}}],"line":148},"8":{"loc":{"start":{"line":151,"column":21},"end":{"line":159,"column":null}},"type":"cond-expr","locations":[{"start":{"line":152,"column":22},"end":{"line":155,"column":null}},{"start":{"line":157,"column":22},"end":{"line":159,"column":null}}],"line":151}},"s":{"0":2,"1":83,"2":83,"3":83,"4":83,"5":83,"6":83,"7":83,"8":26,"9":57,"10":7,"11":7,"12":7,"13":7,"14":7,"15":7,"16":5,"17":5,"18":7,"19":7,"20":7,"21":7,"22":7,"23":2,"24":2,"25":2,"26":57,"27":9,"28":5,"29":1,"30":9,"31":8,"32":1,"33":1,"34":1},"f":{"0":83,"1":7,"2":9,"3":5,"4":1,"5":9,"6":8,"7":1,"8":1},"b":{"0":[26,57],"1":[7,0],"2":[7,7],"3":[5,4],"4":[57,54,18],"5":[36,21],"6":[36,2],"7":[36,25,17],"8":[7,29]},"meta":{"lastBranch":9,"lastFunction":9,"lastStatement":35,"seen":{"s:14:52:178:Infinity":0,"f:14:52:14:53":0,"s:15:30:15:Infinity":1,"s:16:34:16:Infinity":2,"s:17:40:17:Infinity":3,"s:18:46:18:Infinity":4,"s:19:30:19:Infinity":5,"s:20:32:20:Infinity":6,"b:22:2:22:Infinity:undefined:undefined:undefined:undefined":0,"s:22:2:22:Infinity":7,"s:22:15:22:Infinity":8,"s:24:21:59:Infinity":9,"f:24:21:24:33":1,"b:25:4:58:Infinity:undefined:undefined:undefined:undefined":1,"s:25:4:58:Infinity":10,"b:25:8:25:22:25:22:25:37":2,"s:26:20:26:Infinity":11,"s:27:6:27:Infinity":12,"s:28:6:28:Infinity":13,"s:30:6:57:Infinity":14,"s:32:24:35:Infinity":15,"s:37:8:37:Infinity":16,"s:40:8:46:Infinity":17,"b:45:22:45:42:45:42:45:Infinity":3,"s:48:8:48:Infinity":18,"s:49:8:49:Infinity":19,"s:50:8:50:Infinity":20,"s:51:8:51:Infinity":21,"s:52:8:52:Infinity":22,"s:54:8:54:Infinity":23,"s:55:8:55:Infinity":24,"s:56:8:56:Infinity":25,"s:61:2:176:Infinity":26,"f:75:24:75:30":2,"s:75:30:75:Infinity":27,"b:80:14:80:35:80:35:80:Infinity:81:15:81:Infinity":4,"f:83:23:83:Infinity":3,"s:84:15:92:Infinity":28,"f:89:34:89:40":4,"s:89:40:89:59":29,"b:99:14:163:Infinity:165:14:171:Infinity":5,"f:104:31:104:36":5,"s:104:36:104:Infinity":30,"f:114:31:114:36":6,"s:114:36:114:Infinity":31,"b:120:17:120:Infinity:121:18:123:Infinity":6,"f:130:31:130:36":7,"s:130:36:130:Infinity":32,"f:137:29:137:35":8,"s:138:22:138:Infinity":33,"s:139:22:139:Infinity":34,"b:148:30:148:45:148:45:148:63:148:63:148:Infinity":7,"b:152:22:155:Infinity:157:22:159:Infinity":8}}}
,"C:\\quantum-billing-repo\\nebulaterm-ai\\components\\ServerList.tsx": {"path":"C:\\quantum-billing-repo\\nebulaterm-ai\\components\\ServerList.tsx","statementMap":{"0":{"start":{"line":21,"column":46},"end":{"line":340,"column":null}},"1":{"start":{"line":34,"column":30},"end":{"line":34,"column":null}},"2":{"start":{"line":35,"column":40},"end":{"line":35,"column":null}},"3":{"start":{"line":36,"column":46},"end":{"line":36,"column":null}},"4":{"start":{"line":38,"column":45},"end":{"line":47,"column":null}},"5":{"start":{"line":49,"column":32},"end":{"line":49,"column":null}},"6":{"start":{"line":51,"column":21},"end":{"line":74,"column":null}},"7":{"start":{"line":52,"column":4},"end":{"line":73,"column":null}},"8":{"start":{"line":53,"column":6},"end":{"line":70,"column":null}},"9":{"start":{"line":55,"column":8},"end":{"line":60,"column":null}},"10":{"start":{"line":61,"column":8},"end":{"line":61,"column":null}},"11":{"start":{"line":64,"column":8},"end":{"line":69,"column":null}},"12":{"start":{"line":71,"column":6},"end":{"line":71,"column":null}},"13":{"start":{"line":72,"column":6},"end":{"line":72,"column":null}},"14":{"start":{"line":76,"column":21},"end":{"line":89,"column":null}},"15":{"start":{"line":77,"column":4},"end":{"line":77,"column":null}},"16":{"start":{"line":78,"column":4},"end":{"line":87,"column":null}},"17":{"start":{"line":88,"column":4},"end":{"line":88,"column":null}},"18":{"start":{"line":91,"column":27},"end":{"line":95,"column":null}},"19":{"start":{"line":92,"column":4},"end":{"line":92,"column":null}},"20":{"start":{"line":93,"column":4},"end":{"line":93,"column":null}},"21":{"start":{"line":94,"column":4},"end":{"line":94,"column":null}},"22":{"start":{"line":97,"column":2},"end":{"line":338,"column":null}},"23":{"start":{"line":107,"column":14},"end":{"line":111,"column":null}},"24":{"start":{"line":108,"column":16},"end":{"line":108,"column":null}},"25":{"start":{"line":110,"column":16},"end":{"line":110,"column":null}},"26":{"start":{"line":122,"column":42},"end":{"line":130,"column":null}},"27":{"start":{"line":131,"column":14},"end":{"line":131,"column":null}},"28":{"start":{"line":141,"column":27},"end":{"line":141,"column":null}},"29":{"start":{"line":167,"column":10},"end":{"line":205,"column":null}},"30":{"start":{"line":174,"column":27},"end":{"line":174,"column":null}},"31":{"start":{"line":186,"column":18},"end":{"line":186,"column":null}},"32":{"start":{"line":187,"column":18},"end":{"line":187,"column":null}},"33":{"start":{"line":196,"column":18},"end":{"line":196,"column":null}},"34":{"start":{"line":197,"column":18},"end":{"line":197,"column":null}},"35":{"start":{"line":230,"column":35},"end":{"line":230,"column":null}},"36":{"start":{"line":242,"column":37},"end":{"line":242,"column":null}},"37":{"start":{"line":252,"column":37},"end":{"line":252,"column":null}},"38":{"start":{"line":263,"column":35},"end":{"line":263,"column":null}},"39":{"start":{"line":273,"column":35},"end":{"line":273,"column":null}},"40":{"start":{"line":289,"column":37},"end":{"line":289,"column":null}},"41":{"start":{"line":301,"column":37},"end":{"line":301,"column":null}},"42":{"start":{"line":305,"column":22},"end":{"line":305,"column":null}},"43":{"start":{"line":333,"column":23},"end":{"line":333,"column":null}}},"fnMap":{"0":{"name":"(anonymous_0)","decl":{"start":{"line":21,"column":46},"end":{"line":21,"column":47}},"loc":{"start":{"line":33,"column":6},"end":{"line":340,"column":null}},"line":33},"1":{"name":"(anonymous_1)","decl":{"start":{"line":51,"column":21},"end":{"line":51,"column":27}},"loc":{"start":{"line":51,"column":27},"end":{"line":74,"column":null}},"line":51},"2":{"name":"(anonymous_2)","decl":{"start":{"line":76,"column":21},"end":{"line":76,"column":22}},"loc":{"start":{"line":76,"column":41},"end":{"line":89,"column":null}},"line":76},"3":{"name":"(anonymous_3)","decl":{"start":{"line":91,"column":27},"end":{"line":91,"column":33}},"loc":{"start":{"line":91,"column":33},"end":{"line":95,"column":null}},"line":91},"4":{"name":"(anonymous_4)","decl":{"start":{"line":106,"column":21},"end":{"line":106,"column":27}},"loc":{"start":{"line":106,"column":27},"end":{"line":112,"column":null}},"line":106},"5":{"name":"(anonymous_5)","decl":{"start":{"line":121,"column":21},"end":{"line":121,"column":27}},"loc":{"start":{"line":121,"column":27},"end":{"line":132,"column":null}},"line":121},"6":{"name":"(anonymous_6)","decl":{"start":{"line":141,"column":21},"end":{"line":141,"column":27}},"loc":{"start":{"line":141,"column":27},"end":{"line":141,"column":null}},"line":141},"7":{"name":"(anonymous_7)","decl":{"start":{"line":166,"column":21},"end":{"line":166,"column":22}},"loc":{"start":{"line":167,"column":10},"end":{"line":205,"column":null}},"line":167},"8":{"name":"(anonymous_8)","decl":{"start":{"line":174,"column":21},"end":{"line":174,"column":27}},"loc":{"start":{"line":174,"column":27},"end":{"line":174,"column":null}},"line":174},"9":{"name":"(anonymous_9)","decl":{"start":{"line":185,"column":25},"end":{"line":185,"column":26}},"loc":{"start":{"line":185,"column":32},"end":{"line":188,"column":null}},"line":185},"10":{"name":"(anonymous_10)","decl":{"start":{"line":195,"column":25},"end":{"line":195,"column":26}},"loc":{"start":{"line":195,"column":32},"end":{"line":198,"column":null}},"line":195},"11":{"name":"(anonymous_11)","decl":{"start":{"line":230,"column":28},"end":{"line":230,"column":29}},"loc":{"start":{"line":230,"column":35},"end":{"line":230,"column":null}},"line":230},"12":{"name":"(anonymous_12)","decl":{"start":{"line":242,"column":30},"end":{"line":242,"column":31}},"loc":{"start":{"line":242,"column":37},"end":{"line":242,"column":null}},"line":242},"13":{"name":"(anonymous_13)","decl":{"start":{"line":252,"column":30},"end":{"line":252,"column":31}},"loc":{"start":{"line":252,"column":37},"end":{"line":252,"column":null}},"line":252},"14":{"name":"(anonymous_14)","decl":{"start":{"line":263,"column":28},"end":{"line":263,"column":29}},"loc":{"start":{"line":263,"column":35},"end":{"line":263,"column":null}},"line":263},"15":{"name":"(anonymous_15)","decl":{"start":{"line":273,"column":28},"end":{"line":273,"column":29}},"loc":{"start":{"line":273,"column":35},"end":{"line":273,"column":null}},"line":273},"16":{"name":"(anonymous_16)","decl":{"start":{"line":289,"column":30},"end":{"line":289,"column":31}},"loc":{"start":{"line":289,"column":37},"end":{"line":289,"column":null}},"line":289},"17":{"name":"(anonymous_17)","decl":{"start":{"line":301,"column":30},"end":{"line":301,"column":31}},"loc":{"start":{"line":301,"column":37},"end":{"line":301,"column":null}},"line":301},"18":{"name":"(anonymous_18)","decl":{"start":{"line":304,"column":33},"end":{"line":304,"column":null}},"loc":{"start":{"line":305,"column":22},"end":{"line":305,"column":null}},"line":305},"19":{"name":"(anonymous_19)","decl":{"start":{"line":333,"column":17},"end":{"line":333,"column":23}},"loc":{"start":{"line":333,"column":23},"end":{"line":333,"column":null}},"line":333}},"branchMap":{"0":{"loc":{"start":{"line":52,"column":4},"end":{"line":73,"column":null}},"type":"if","locations":[{"start":{"line":52,"column":4},"end":{"line":73,"column":null}},{"start":{},"end":{}}],"line":52},"1":{"loc":{"start":{"line":52,"column":8},"end":{"line":52,"column":64}},"type":"binary-expr","locations":[{"start":{"line":52,"column":8},"end":{"line":52,"column":26}},{"start":{"line":52,"column":26},"end":{"line":52,"column":44}},{"start":{"line":52,"column":44},"end":{"line":52,"column":64}}],"line":52},"2":{"loc":{"start":{"line":53,"column":6},"end":{"line":70,"column":null}},"type":"if","locations":[{"start":{"line":53,"column":6},"end":{"line":70,"column":null}},{"start":{"line":62,"column":13},"end":{"line":70,"column":null}}],"line":53},"3":{"loc":{"start":{"line":58,"column":16},"end":{"line":58,"column":null}},"type":"binary-expr","locations":[{"start":{"line":58,"column":16},"end":{"line":58,"column":34}},{"start":{"line":58,"column":34},"end":{"line":58,"column":null}}],"line":58},"4":{"loc":{"start":{"line":59,"column":20},"end":{"line":59,"column":null}},"type":"binary-expr","locations":[{"start":{"line":59,"column":20},"end":{"line":59,"column":42}},{"start":{"line":59,"column":42},"end":{"line":59,"column":null}}],"line":59},"5":{"loc":{"start":{"line":67,"column":16},"end":{"line":67,"column":null}},"type":"binary-expr","locations":[{"start":{"line":67,"column":16},"end":{"line":67,"column":34}},{"start":{"line":67,"column":34},"end":{"line":67,"column":null}}],"line":67},"6":{"loc":{"start":{"line":68,"column":20},"end":{"line":68,"column":null}},"type":"binary-expr","locations":[{"start":{"line":68,"column":20},"end":{"line":68,"column":42}},{"start":{"line":68,"column":42},"end":{"line":68,"column":null}}],"line":68},"7":{"loc":{"start":{"line":82,"column":16},"end":{"line":82,"column":null}},"type":"binary-expr","locations":[{"start":{"line":82,"column":16},"end":{"line":82,"column":35}},{"start":{"line":82,"column":35},"end":{"line":82,"column":null}}],"line":82},"8":{"loc":{"start":{"line":85,"column":16},"end":{"line":85,"column":null}},"type":"binary-expr","locations":[{"start":{"line":85,"column":16},"end":{"line":85,"column":35}},{"start":{"line":85,"column":35},"end":{"line":85,"column":null}}],"line":85},"9":{"loc":{"start":{"line":86,"column":27},"end":{"line":86,"column":null}},"type":"binary-expr","locations":[{"start":{"line":86,"column":27},"end":{"line":86,"column":57}},{"start":{"line":86,"column":57},"end":{"line":86,"column":null}}],"line":86},"10":{"loc":{"start":{"line":107,"column":14},"end":{"line":111,"column":null}},"type":"if","locations":[{"start":{"line":107,"column":14},"end":{"line":111,"column":null}},{"start":{"line":109,"column":21},"end":{"line":111,"column":null}}],"line":107},"11":{"loc":{"start":{"line":170,"column":14},"end":{"line":172,"column":null}},"type":"cond-expr","locations":[{"start":{"line":171,"column":18},"end":{"line":171,"column":null}},{"start":{"line":172,"column":18},"end":{"line":172,"column":null}}],"line":170},"12":{"loc":{"start":{"line":177,"column":48},"end":{"line":177,"column":114}},"type":"cond-expr","locations":[{"start":{"line":177,"column":79},"end":{"line":177,"column":99}},{"start":{"line":177,"column":99},"end":{"line":177,"column":114}}],"line":177},"13":{"loc":{"start":{"line":208,"column":9},"end":{"line":211,"column":null}},"type":"binary-expr","locations":[{"start":{"line":208,"column":9},"end":{"line":208,"column":33}},{"start":{"line":208,"column":33},"end":{"line":208,"column":null}},{"start":{"line":209,"column":10},"end":{"line":211,"column":null}}],"line":208},"14":{"loc":{"start":{"line":215,"column":7},"end":{"line":328,"column":null}},"type":"binary-expr","locations":[{"start":{"line":215,"column":7},"end":{"line":215,"column":null}},{"start":{"line":216,"column":8},"end":{"line":328,"column":null}}],"line":215},"15":{"loc":{"start":{"line":219,"column":47},"end":{"line":219,"column":null}},"type":"cond-expr","locations":[{"start":{"line":219,"column":63},"end":{"line":219,"column":79}},{"start":{"line":219,"column":79},"end":{"line":219,"column":null}}],"line":219},"16":{"loc":{"start":{"line":252,"column":72},"end":{"line":252,"column":103}},"type":"binary-expr","locations":[{"start":{"line":252,"column":72},"end":{"line":252,"column":100}},{"start":{"line":252,"column":100},"end":{"line":252,"column":103}}],"line":252},"17":{"loc":{"start":{"line":272,"column":25},"end":{"line":272,"column":null}},"type":"binary-expr","locations":[{"start":{"line":272,"column":25},"end":{"line":272,"column":58}},{"start":{"line":272,"column":58},"end":{"line":272,"column":null}}],"line":272},"18":{"loc":{"start":{"line":281,"column":15},"end":{"line":291,"column":null}},"type":"binary-expr","locations":[{"start":{"line":281,"column":15},"end":{"line":281,"column":null}},{"start":{"line":282,"column":16},"end":{"line":291,"column":null}}],"line":281},"19":{"loc":{"start":{"line":288,"column":27},"end":{"line":288,"column":null}},"type":"binary-expr","locations":[{"start":{"line":288,"column":27},"end":{"line":288,"column":49}},{"start":{"line":288,"column":49},"end":{"line":288,"column":null}}],"line":288},"20":{"loc":{"start":{"line":295,"column":15},"end":{"line":308,"column":null}},"type":"binary-expr","locations":[{"start":{"line":295,"column":15},"end":{"line":295,"column":null}},{"start":{"line":296,"column":16},"end":{"line":308,"column":null}}],"line":295},"21":{"loc":{"start":{"line":300,"column":27},"end":{"line":300,"column":null}},"type":"binary-expr","locations":[{"start":{"line":300,"column":27},"end":{"line":300,"column":49}},{"start":{"line":300,"column":49},"end":{"line":300,"column":null}}],"line":300},"22":{"loc":{"start":{"line":324,"column":17},"end":{"line":324,"column":null}},"type":"cond-expr","locations":[{"start":{"line":324,"column":33},"end":{"line":324,"column":44}},{"start":{"line":324,"column":44},"end":{"line":324,"column":null}}],"line":324}},"s":{"0":2,"1":91,"2":91,"3":91,"4":91,"5":91,"6":91,"7":6,"8":5,"9":1,"10":1,"11":4,"12":5,"13":5,"14":91,"15":4,"16":4,"17":4,"18":91,"19":3,"20":3,"21":3,"22":91,"23":12,"24":1,"25":11,"26":1,"27":1,"28":3,"29":66,"30":7,"31":4,"32":4,"33":3,"34":3,"35":5,"36":4,"37":1,"38":0,"39":4,"40":0,"41":1,"42":15,"43":0},"f":{"0":91,"1":6,"2":4,"3":3,"4":12,"5":1,"6":3,"7":66,"8":7,"9":4,"10":3,"11":5,"12":4,"13":1,"14":0,"15":4,"16":0,"17":1,"18":15,"19":0},"b":{"0":[5,1],"1":[6,5,5],"2":[1,4],"3":[1,0],"4":[1,1],"5":[4,0],"6":[4,3],"7":[4,4],"8":[4,3],"9":[4,0],"10":[1,11],"11":[0,66],"12":[0,66],"13":[91,50,25],"14":[91,30],"15":[5,25],"16":[1,1],"17":[30,0],"18":[30,20],"19":[20,20],"20":[30,10],"21":[10,6],"22":[5,25]},"meta":{"lastBranch":23,"lastFunction":20,"lastStatement":44,"seen":{"s:21:46:340:Infinity":0,"f:21:46:21:47":0,"s:34:30:34:Infinity":1,"s:35:40:35:Infinity":2,"s:36:46:36:Infinity":3,"s:38:45:47:Infinity":4,"s:49:32:49:Infinity":5,"s:51:21:74:Infinity":6,"f:51:21:51:27":1,"b:52:4:73:Infinity:undefined:undefined:undefined:undefined":0,"s:52:4:73:Infinity":7,"b:52:8:52:26:52:26:52:44:52:44:52:64":1,"b:53:6:70:Infinity:62:13:70:Infinity":2,"s:53:6:70:Infinity":8,"s:55:8:60:Infinity":9,"b:58:16:58:34:58:34:58:Infinity":3,"b:59:20:59:42:59:42:59:Infinity":4,"s:61:8:61:Infinity":10,"s:64:8:69:Infinity":11,"b:67:16:67:34:67:34:67:Infinity":5,"b:68:20:68:42:68:42:68:Infinity":6,"s:71:6:71:Infinity":12,"s:72:6:72:Infinity":13,"s:76:21:89:Infinity":14,"f:76:21:76:22":2,"s:77:4:77:Infinity":15,"s:78:4:87:Infinity":16,"b:82:16:82:35:82:35:82:Infinity":7,"b:85:16:85:35:85:35:85:Infinity":8,"b:86:27:86:57:86:57:86:Infinity":9,"s:88:4:88:Infinity":17,"s:91:27:95:Infinity":18,"f:91:27:91:33":3,"s:92:4:92:Infinity":19,"s:93:4:93:Infinity":20,"s:94:4:94:Infinity":21,"s:97:2:338:Infinity":22,"f:106:21:106:27":4,"b:107:14:111:Infinity:109:21:111:Infinity":10,"s:107:14:111:Infinity":23,"s:108:16:108:Infinity":24,"s:110:16:110:Infinity":25,"f:121:21:121:27":5,"s:122:42:130:Infinity":26,"s:131:14:131:Infinity":27,"f:141:21:141:27":6,"s:141:27:141:Infinity":28,"f:166:21:166:22":7,"s:167:10:205:Infinity":29,"b:171:18:171:Infinity:172:18:172:Infinity":11,"f:174:21:174:27":8,"s:174:27:174:Infinity":30,"b:177:79:177:99:177:99:177:114":12,"f:185:25:185:26":9,"s:186:18:186:Infinity":31,"s:187:18:187:Infinity":32,"f:195:25:195:26":10,"s:196:18:196:Infinity":33,"s:197:18:197:Infinity":34,"b:208:9:208:33:208:33:208:Infinity:209:10:211:Infinity":13,"b:215:7:215:Infinity:216:8:328:Infinity":14,"b:219:63:219:79:219:79:219:Infinity":15,"f:230:28:230:29":11,"s:230:35:230:Infinity":35,"f:242:30:242:31":12,"s:242:37:242:Infinity":36,"f:252:30:252:31":13,"s:252:37:252:Infinity":37,"b:252:72:252:100:252:100:252:103":16,"f:263:28:263:29":14,"s:263:35:263:Infinity":38,"b:272:25:272:58:272:58:272:Infinity":17,"f:273:28:273:29":15,"s:273:35:273:Infinity":39,"b:281:15:281:Infinity:282:16:291:Infinity":18,"b:288:27:288:49:288:49:288:Infinity":19,"f:289:30:289:31":16,"s:289:37:289:Infinity":40,"b:295:15:295:Infinity:296:16:308:Infinity":20,"b:300:27:300:49:300:49:300:Infinity":21,"f:301:30:301:31":17,"s:301:37:301:Infinity":41,"f:304:33:304:Infinity":18,"s:305:22:305:Infinity":42,"b:324:33:324:44:324:44:324:Infinity":22,"f:333:17:333:23":19,"s:333:23:333:Infinity":43}}}
,"C:\\quantum-billing-repo\\nebulaterm-ai\\components\\SettingsModal.tsx": {"path":"C:\\quantum-billing-repo\\nebulaterm-ai\\components\\SettingsModal.tsx","statementMap":{"0":{"start":{"line":16,"column":52},"end":{"line":350,"column":null}},"1":{"start":{"line":18,"column":44},"end":{"line":18,"column":null}},"2":{"start":{"line":19,"column":36},"end":{"line":19,"column":null}},"3":{"start":{"line":22,"column":52},"end":{"line":22,"column":null}},"4":{"start":{"line":23,"column":40},"end":{"line":23,"column":null}},"5":{"start":{"line":24,"column":48},"end":{"line":24,"column":null}},"6":{"start":{"line":25,"column":44},"end":{"line":25,"column":null}},"7":{"start":{"line":26,"column":48},"end":{"line":26,"column":null}},"8":{"start":{"line":29,"column":2},"end":{"line":35,"column":null}},"9":{"start":{"line":30,"column":4},"end":{"line":34,"column":null}},"10":{"start":{"line":31,"column":6},"end":{"line":31,"column":null}},"11":{"start":{"line":32,"column":6},"end":{"line":32,"column":null}},"12":{"start":{"line":33,"column":6},"end":{"line":33,"column":null}},"13":{"start":{"line":37,"column":30},"end":{"line":44,"column":null}},"14":{"start":{"line":38,"column":4},"end":{"line":43,"column":null}},"15":{"start":{"line":39,"column":21},"end":{"line":39,"column":null}},"16":{"start":{"line":40,"column":6},"end":{"line":40,"column":null}},"17":{"start":{"line":42,"column":6},"end":{"line":42,"column":null}},"18":{"start":{"line":46,"column":34},"end":{"line":74,"column":null}},"19":{"start":{"line":47,"column":4},"end":{"line":47,"column":null}},"20":{"start":{"line":48,"column":4},"end":{"line":48,"column":null}},"21":{"start":{"line":50,"column":4},"end":{"line":53,"column":null}},"22":{"start":{"line":51,"column":6},"end":{"line":51,"column":null}},"23":{"start":{"line":52,"column":6},"end":{"line":52,"column":null}},"24":{"start":{"line":55,"column":4},"end":{"line":58,"column":null}},"25":{"start":{"line":56,"column":6},"end":{"line":56,"column":null}},"26":{"start":{"line":57,"column":6},"end":{"line":57,"column":null}},"27":{"start":{"line":60,"column":4},"end":{"line":63,"column":null}},"28":{"start":{"line":61,"column":6},"end":{"line":61,"column":null}},"29":{"start":{"line":62,"column":6},"end":{"line":62,"column":null}},"30":{"start":{"line":65,"column":4},"end":{"line":73,"column":null}},"31":{"start":{"line":66,"column":6},"end":{"line":66,"column":null}},"32":{"start":{"line":67,"column":6},"end":{"line":67,"column":null}},"33":{"start":{"line":68,"column":6},"end":{"line":68,"column":null}},"34":{"start":{"line":69,"column":6},"end":{"line":69,"column":null}},"35":{"start":{"line":70,"column":6},"end":{"line":70,"column":null}},"36":{"start":{"line":72,"column":6},"end":{"line":72,"column":null}},"37":{"start":{"line":76,"column":2},"end":{"line":76,"column":null}},"38":{"start":{"line":76,"column":15},"end":{"line":76,"column":null}},"39":{"start":{"line":78,"column":31},"end":{"line":89,"column":null}},"40":{"start":{"line":79,"column":4},"end":{"line":88,"column":null}},"41":{"start":{"line":79,"column":30},"end":{"line":88,"column":6}},"42":{"start":{"line":91,"column":21},"end":{"line":98,"column":null}},"43":{"start":{"line":92,"column":4},"end":{"line":96,"column":null}},"44":{"start":{"line":97,"column":4},"end":{"line":97,"column":null}},"45":{"start":{"line":100,"column":61},"end":{"line":107,"column":null}},"46":{"start":{"line":109,"column":2},"end":{"line":348,"column":null}},"47":{"start":{"line":126,"column":29},"end":{"line":126,"column":null}},"48":{"start":{"line":139,"column":14},"end":{"line":150,"column":null}},"49":{"start":{"line":141,"column":31},"end":{"line":141,"column":null}},"50":{"start":{"line":203,"column":41},"end":{"line":203,"column":null}},"51":{"start":{"line":216,"column":41},"end":{"line":216,"column":null}},"52":{"start":{"line":258,"column":43},"end":{"line":258,"column":61}},"53":{"start":{"line":270,"column":37},"end":{"line":270,"column":null}},"54":{"start":{"line":270,"column":63},"end":{"line":270,"column":116}},"55":{"start":{"line":289,"column":39},"end":{"line":289,"column":null}},"56":{"start":{"line":304,"column":41},"end":{"line":304,"column":null}},"57":{"start":{"line":318,"column":39},"end":{"line":318,"column":null}}},"fnMap":{"0":{"name":"(anonymous_0)","decl":{"start":{"line":16,"column":52},"end":{"line":16,"column":53}},"loc":{"start":{"line":16,"column":95},"end":{"line":350,"column":null}},"line":16},"1":{"name":"(anonymous_1)","decl":{"start":{"line":29,"column":18},"end":{"line":29,"column":24}},"loc":{"start":{"line":29,"column":24},"end":{"line":35,"column":5}},"line":29},"2":{"name":"(anonymous_2)","decl":{"start":{"line":37,"column":30},"end":{"line":37,"column":42}},"loc":{"start":{"line":37,"column":42},"end":{"line":44,"column":null}},"line":37},"3":{"name":"(anonymous_3)","decl":{"start":{"line":46,"column":34},"end":{"line":46,"column":46}},"loc":{"start":{"line":46,"column":46},"end":{"line":74,"column":null}},"line":46},"4":{"name":"(anonymous_4)","decl":{"start":{"line":78,"column":31},"end":{"line":78,"column":32}},"loc":{"start":{"line":78,"column":89},"end":{"line":89,"column":null}},"line":78},"5":{"name":"(anonymous_5)","decl":{"start":{"line":79,"column":21},"end":{"line":79,"column":30}},"loc":{"start":{"line":79,"column":30},"end":{"line":88,"column":6}},"line":79},"6":{"name":"(anonymous_6)","decl":{"start":{"line":91,"column":21},"end":{"line":91,"column":27}},"loc":{"start":{"line":91,"column":27},"end":{"line":98,"column":null}},"line":91},"7":{"name":"(anonymous_7)","decl":{"start":{"line":126,"column":23},"end":{"line":126,"column":29}},"loc":{"start":{"line":126,"column":29},"end":{"line":126,"column":null}},"line":126},"8":{"name":"(anonymous_8)","decl":{"start":{"line":138,"column":31},"end":{"line":138,"column":null}},"loc":{"start":{"line":139,"column":14},"end":{"line":150,"column":null}},"line":139},"9":{"name":"(anonymous_9)","decl":{"start":{"line":141,"column":25},"end":{"line":141,"column":31}},"loc":{"start":{"line":141,"column":31},"end":{"line":141,"column":null}},"line":141},"10":{"name":"(anonymous_10)","decl":{"start":{"line":203,"column":34},"end":{"line":203,"column":35}},"loc":{"start":{"line":203,"column":41},"end":{"line":203,"column":null}},"line":203},"11":{"name":"(anonymous_11)","decl":{"start":{"line":216,"column":34},"end":{"line":216,"column":35}},"loc":{"start":{"line":216,"column":41},"end":{"line":216,"column":null}},"line":216},"12":{"name":"(anonymous_12)","decl":{"start":{"line":258,"column":38},"end":{"line":258,"column":43}},"loc":{"start":{"line":258,"column":43},"end":{"line":258,"column":61}},"line":258},"13":{"name":"(anonymous_13)","decl":{"start":{"line":270,"column":31},"end":{"line":270,"column":37}},"loc":{"start":{"line":270,"column":37},"end":{"line":270,"column":null}},"line":270},"14":{"name":"(anonymous_14)","decl":{"start":{"line":270,"column":54},"end":{"line":270,"column":63}},"loc":{"start":{"line":270,"column":63},"end":{"line":270,"column":116}},"line":270},"15":{"name":"(anonymous_15)","decl":{"start":{"line":289,"column":32},"end":{"line":289,"column":33}},"loc":{"start":{"line":289,"column":39},"end":{"line":289,"column":null}},"line":289},"16":{"name":"(anonymous_16)","decl":{"start":{"line":304,"column":34},"end":{"line":304,"column":35}},"loc":{"start":{"line":304,"column":41},"end":{"line":304,"column":null}},"line":304},"17":{"name":"(anonymous_17)","decl":{"start":{"line":318,"column":32},"end":{"line":318,"column":33}},"loc":{"start":{"line":318,"column":39},"end":{"line":318,"column":null}},"line":318}},"branchMap":{"0":{"loc":{"start":{"line":30,"column":4},"end":{"line":34,"column":null}},"type":"if","locations":[{"start":{"line":30,"column":4},"end":{"line":34,"column":null}},{"start":{},"end":{}}],"line":30},"1":{"loc":{"start":{"line":50,"column":4},"end":{"line":53,"column":null}},"type":"if","locations":[{"start":{"line":50,"column":4},"end":{"line":53,"column":null}},{"start":{},"end":{}}],"line":50},"2":{"loc":{"start":{"line":55,"column":4},"end":{"line":58,"column":null}},"type":"if","locations":[{"start":{"line":55,"column":4},"end":{"line":58,"column":null}},{"start":{},"end":{}}],"line":55},"3":{"loc":{"start":{"line":60,"column":4},"end":{"line":63,"column":null}},"type":"if","locations":[{"start":{"line":60,"column":4},"end":{"line":63,"column":null}},{"start":{},"end":{}}],"line":60},"4":{"loc":{"start":{"line":76,"column":2},"end":{"line":76,"column":null}},"type":"if","locations":[{"start":{"line":76,"column":2},"end":{"line":76,"column":null}},{"start":{},"end":{}}],"line":76},"5":{"loc":{"start":{"line":95,"column":22},"end":{"line":95,"column":null}},"type":"cond-expr","locations":[{"start":{"line":95,"column":49},"end":{"line":95,"column":80}},{"start":{"line":95,"column":80},"end":{"line":95,"column":null}}],"line":95},"6":{"loc":{"start":{"line":128,"column":16},"end":{"line":130,"column":null}},"type":"cond-expr","locations":[{"start":{"line":129,"column":20},"end":{"line":129,"column":null}},{"start":{"line":130,"column":20},"end":{"line":130,"column":null}}],"line":128},"7":{"loc":{"start":{"line":143,"column":18},"end":{"line":145,"column":null}},"type":"cond-expr","locations":[{"start":{"line":144,"column":22},"end":{"line":144,"column":null}},{"start":{"line":145,"column":22},"end":{"line":145,"column":null}}],"line":143},"8":{"loc":{"start":{"line":156,"column":13},"end":{"line":334,"column":null}},"type":"cond-expr","locations":[{"start":{"line":158,"column":14},"end":{"line":253,"column":null}},{"start":{"line":256,"column":14},"end":{"line":334,"column":null}}],"line":156},"9":{"loc":{"start":{"line":170,"column":20},"end":{"line":172,"column":null}},"type":"cond-expr","locations":[{"start":{"line":171,"column":24},"end":{"line":171,"column":null}},{"start":{"line":172,"column":24},"end":{"line":172,"column":null}}],"line":170},"10":{"loc":{"start":{"line":175,"column":23},"end":{"line":184,"column":null}},"type":"cond-expr","locations":[{"start":{"line":176,"column":24},"end":{"line":179,"column":null}},{"start":{"line":181,"column":24},"end":{"line":184,"column":null}}],"line":175},"11":{"loc":{"start":{"line":188,"column":23},"end":{"line":190,"column":null}},"type":"cond-expr","locations":[{"start":{"line":189,"column":26},"end":{"line":189,"column":null}},{"start":{"line":190,"column":26},"end":{"line":190,"column":null}}],"line":188},"12":{"loc":{"start":{"line":198,"column":25},"end":{"line":198,"column":null}},"type":"cond-expr","locations":[{"start":{"line":198,"column":45},"end":{"line":198,"column":69}},{"start":{"line":198,"column":69},"end":{"line":198,"column":null}}],"line":198},"13":{"loc":{"start":{"line":222,"column":21},"end":{"line":225,"column":null}},"type":"binary-expr","locations":[{"start":{"line":222,"column":21},"end":{"line":222,"column":null}},{"start":{"line":223,"column":22},"end":{"line":225,"column":null}}],"line":222},"14":{"loc":{"start":{"line":228,"column":21},"end":{"line":231,"column":null}},"type":"binary-expr","locations":[{"start":{"line":228,"column":21},"end":{"line":228,"column":null}},{"start":{"line":229,"column":22},"end":{"line":231,"column":null}}],"line":228},"15":{"loc":{"start":{"line":238,"column":23},"end":{"line":238,"column":null}},"type":"cond-expr","locations":[{"start":{"line":238,"column":43},"end":{"line":238,"column":70}},{"start":{"line":238,"column":70},"end":{"line":238,"column":null}}],"line":238},"16":{"loc":{"start":{"line":272,"column":24},"end":{"line":274,"column":null}},"type":"cond-expr","locations":[{"start":{"line":273,"column":28},"end":{"line":273,"column":null}},{"start":{"line":274,"column":28},"end":{"line":274,"column":null}}],"line":272},"17":{"loc":{"start":{"line":277,"column":23},"end":{"line":277,"column":null}},"type":"binary-expr","locations":[{"start":{"line":277,"column":23},"end":{"line":277,"column":69}},{"start":{"line":277,"column":69},"end":{"line":277,"column":null}}],"line":277},"18":{"loc":{"start":{"line":288,"column":29},"end":{"line":288,"column":null}},"type":"binary-expr","locations":[{"start":{"line":288,"column":29},"end":{"line":288,"column":91}},{"start":{"line":288,"column":91},"end":{"line":288,"column":null}}],"line":288},"19":{"loc":{"start":{"line":291,"column":35},"end":{"line":291,"column":null}},"type":"cond-expr","locations":[{"start":{"line":291,"column":60},"end":{"line":291,"column":95}},{"start":{"line":291,"column":95},"end":{"line":291,"column":null}}],"line":291},"20":{"loc":{"start":{"line":293,"column":18},"end":{"line":309,"column":null}},"type":"binary-expr","locations":[{"start":{"line":296,"column":20},"end":{"line":296,"column":46}},{"start":{"line":296,"column":46},"end":{"line":296,"column":null}},{"start":{"line":297,"column":20},"end":{"line":309,"column":null}}],"line":293},"21":{"loc":{"start":{"line":303,"column":31},"end":{"line":303,"column":null}},"type":"binary-expr","locations":[{"start":{"line":303,"column":31},"end":{"line":303,"column":94}},{"start":{"line":303,"column":94},"end":{"line":303,"column":null}}],"line":303},"22":{"loc":{"start":{"line":306,"column":37},"end":{"line":306,"column":null}},"type":"cond-expr","locations":[{"start":{"line":306,"column":62},"end":{"line":306,"column":89}},{"start":{"line":306,"column":89},"end":{"line":306,"column":null}}],"line":306},"23":{"loc":{"start":{"line":308,"column":23},"end":{"line":308,"column":null}},"type":"binary-expr","locations":[{"start":{"line":308,"column":23},"end":{"line":308,"column":49}},{"start":{"line":308,"column":49},"end":{"line":308,"column":null}}],"line":308},"24":{"loc":{"start":{"line":317,"column":29},"end":{"line":317,"column":null}},"type":"binary-expr","locations":[{"start":{"line":317,"column":29},"end":{"line":317,"column":90}},{"start":{"line":317,"column":90},"end":{"line":317,"column":null}}],"line":317},"25":{"loc":{"start":{"line":321,"column":24},"end":{"line":325,"column":null}},"type":"cond-expr","locations":[{"start":{"line":321,"column":49},"end":{"line":321,"column":null}},{"start":{"line":322,"column":24},"end":{"line":325,"column":null}}],"line":321},"26":{"loc":{"start":{"line":322,"column":24},"end":{"line":325,"column":null}},"type":"cond-expr","locations":[{"start":{"line":322,"column":49},"end":{"line":322,"column":null}},{"start":{"line":323,"column":24},"end":{"line":325,"column":null}}],"line":322},"27":{"loc":{"start":{"line":323,"column":24},"end":{"line":325,"column":null}},"type":"cond-expr","locations":[{"start":{"line":323,"column":52},"end":{"line":323,"column":null}},{"start":{"line":324,"column":24},"end":{"line":325,"column":null}}],"line":323},"28":{"loc":{"start":{"line":324,"column":24},"end":{"line":325,"column":null}},"type":"cond-expr","locations":[{"start":{"line":324,"column":47},"end":{"line":324,"column":null}},{"start":{"line":325,"column":24},"end":{"line":325,"column":null}}],"line":324},"29":{"loc":{"start":{"line":325,"column":24},"end":{"line":325,"column":null}},"type":"cond-expr","locations":[{"start":{"line":325,"column":53},"end":{"line":325,"column":78}},{"start":{"line":325,"column":78},"end":{"line":325,"column":null}}],"line":325},"30":{"loc":{"start":{"line":328,"column":21},"end":{"line":329,"column":null}},"type":"binary-expr","locations":[{"start":{"line":328,"column":21},"end":{"line":328,"column":null}},{"start":{"line":329,"column":22},"end":{"line":329,"column":null}}],"line":328}},"s":{"0":2,"1":112,"2":112,"3":112,"4":112,"5":112,"6":112,"7":112,"8":112,"9":37,"10":22,"11":22,"12":22,"13":112,"14":22,"15":22,"16":21,"17":1,"18":112,"19":7,"20":7,"21":7,"22":1,"23":1,"24":6,"25":1,"26":1,"27":5,"28":1,"29":1,"30":4,"31":4,"32":3,"33":3,"34":3,"35":3,"36":1,"37":112,"38":26,"39":86,"40":2,"41":2,"42":86,"43":3,"44":3,"45":86,"46":86,"47":11,"48":516,"49":5,"50":6,"51":5,"52":68,"53":1,"54":1,"55":2,"56":0,"57":0},"f":{"0":112,"1":37,"2":22,"3":7,"4":2,"5":2,"6":3,"7":11,"8":516,"9":5,"10":6,"11":5,"12":68,"13":1,"14":1,"15":2,"16":0,"17":0},"b":{"0":[22,15],"1":[1,6],"2":[1,5],"3":[1,4],"4":[26,86],"5":[1,2],"6":[47,39],"7":[39,477],"8":[47,39],"9":[9,38],"10":[9,38],"11":[9,38],"12":[9,38],"13":[47,4],"14":[47,3],"15":[9,38],"16":[28,11],"17":[39,28],"18":[39,35],"19":[2,37],"20":[39,37,8],"21":[8,8],"22":[2,6],"23":[8,2],"24":[39,39],"25":[26,13],"26":[6,7],"27":[3,4],"28":[2,2],"29":[0,2],"30":[39,0]},"meta":{"lastBranch":31,"lastFunction":18,"lastStatement":58,"seen":{"s:16:52:350:Infinity":0,"f:16:52:16:53":0,"s:18:44:18:Infinity":1,"s:19:36:19:Infinity":2,"s:22:52:22:Infinity":3,"s:23:40:23:Infinity":4,"s:24:48:24:Infinity":5,"s:25:44:25:Infinity":6,"s:26:48:26:Infinity":7,"s:29:2:35:Infinity":8,"f:29:18:29:24":1,"b:30:4:34:Infinity:undefined:undefined:undefined:undefined":0,"s:30:4:34:Infinity":9,"s:31:6:31:Infinity":10,"s:32:6:32:Infinity":11,"s:33:6:33:Infinity":12,"s:37:30:44:Infinity":13,"f:37:30:37:42":2,"s:38:4:43:Infinity":14,"s:39:21:39:Infinity":15,"s:40:6:40:Infinity":16,"s:42:6:42:Infinity":17,"s:46:34:74:Infinity":18,"f:46:34:46:46":3,"s:47:4:47:Infinity":19,"s:48:4:48:Infinity":20,"b:50:4:53:Infinity:undefined:undefined:undefined:undefined":1,"s:50:4:53:Infinity":21,"s:51:6:51:Infinity":22,"s:52:6:52:Infinity":23,"b:55:4:58:Infinity:undefined:undefined:undefined:undefined":2,"s:55:4:58:Infinity":24,"s:56:6:56:Infinity":25,"s:57:6:57:Infinity":26,"b:60:4:63:Infinity:undefined:undefined:undefined:undefined":3,"s:60:4:63:Infinity":27,"s:61:6:61:Infinity":28,"s:62:6:62:Infinity":29,"s:65:4:73:Infinity":30,"s:66:6:66:Infinity":31,"s:67:6:67:Infinity":32,"s:68:6:68:Infinity":33,"s:69:6:69:Infinity":34,"s:70:6:70:Infinity":35,"s:72:6:72:Infinity":36,"b:76:2:76:Infinity:undefined:undefined:undefined:undefined":4,"s:76:2:76:Infinity":37,"s:76:15:76:Infinity":38,"s:78:31:89:Infinity":39,"f:78:31:78:32":4,"s:79:4:88:Infinity":40,"f:79:21:79:30":5,"s:79:30:88:6":41,"s:91:21:98:Infinity":42,"f:91:21:91:27":6,"s:92:4:96:Infinity":43,"b:95:49:95:80:95:80:95:Infinity":5,"s:97:4:97:Infinity":44,"s:100:61:107:Infinity":45,"s:109:2:348:Infinity":46,"f:126:23:126:29":7,"s:126:29:126:Infinity":47,"b:129:20:129:Infinity:130:20:130:Infinity":6,"f:138:31:138:Infinity":8,"s:139:14:150:Infinity":48,"f:141:25:141:31":9,"s:141:31:141:Infinity":49,"b:144:22:144:Infinity:145:22:145:Infinity":7,"b:158:14:253:Infinity:256:14:334:Infinity":8,"b:171:24:171:Infinity:172:24:172:Infinity":9,"b:176:24:179:Infinity:181:24:184:Infinity":10,"b:189:26:189:Infinity:190:26:190:Infinity":11,"b:198:45:198:69:198:69:198:Infinity":12,"f:203:34:203:35":10,"s:203:41:203:Infinity":50,"f:216:34:216:35":11,"s:216:41:216:Infinity":51,"b:222:21:222:Infinity:223:22:225:Infinity":13,"b:228:21:228:Infinity:229:22:231:Infinity":14,"b:238:43:238:70:238:70:238:Infinity":15,"f:258:38:258:43":12,"s:258:43:258:61":52,"f:270:31:270:37":13,"s:270:37:270:Infinity":53,"f:270:54:270:63":14,"s:270:63:270:116":54,"b:273:28:273:Infinity:274:28:274:Infinity":16,"b:277:23:277:69:277:69:277:Infinity":17,"b:288:29:288:91:288:91:288:Infinity":18,"f:289:32:289:33":15,"s:289:39:289:Infinity":55,"b:291:60:291:95:291:95:291:Infinity":19,"b:296:20:296:46:296:46:296:Infinity:297:20:309:Infinity":20,"b:303:31:303:94:303:94:303:Infinity":21,"f:304:34:304:35":16,"s:304:41:304:Infinity":56,"b:306:62:306:89:306:89:306:Infinity":22,"b:308:23:308:49:308:49:308:Infinity":23,"b:317:29:317:90:317:90:317:Infinity":24,"f:318:32:318:33":17,"s:318:39:318:Infinity":57,"b:321:49:321:Infinity:322:24:325:Infinity":25,"b:322:49:322:Infinity:323:24:325:Infinity":26,"b:323:52:323:Infinity:324:24:325:Infinity":27,"b:324:47:324:Infinity:325:24:325:Infinity":28,"b:325:53:325:78:325:78:325:Infinity":29,"b:328:21:328:Infinity:329:22:329:Infinity":30}}}
,"C:\\quantum-billing-repo\\nebulaterm-ai\\components\\TabBar.tsx": {"path":"C:\\quantum-billing-repo\\nebulaterm-ai\\components\\TabBar.tsx","statementMap":{"0":{"start":{"line":13,"column":38},"end":{"line":62,"column":null}},"1":{"start":{"line":14,"column":2},"end":{"line":14,"column":null}},"2":{"start":{"line":14,"column":29},"end":{"line":14,"column":null}},"3":{"start":{"line":16,"column":2},"end":{"line":60,"column":null}},"4":{"start":{"line":19,"column":8},"end":{"line":55,"column":null}},"5":{"start":{"line":31,"column":25},"end":{"line":31,"column":null}},"6":{"start":{"line":43,"column":14},"end":{"line":43,"column":null}},"7":{"start":{"line":44,"column":14},"end":{"line":44,"column":null}}},"fnMap":{"0":{"name":"(anonymous_0)","decl":{"start":{"line":13,"column":38},"end":{"line":13,"column":39}},"loc":{"start":{"line":13,"column":106},"end":{"line":62,"column":null}},"line":13},"1":{"name":"(anonymous_1)","decl":{"start":{"line":18,"column":20},"end":{"line":18,"column":21}},"loc":{"start":{"line":19,"column":8},"end":{"line":55,"column":null}},"line":19},"2":{"name":"(anonymous_2)","decl":{"start":{"line":31,"column":19},"end":{"line":31,"column":25}},"loc":{"start":{"line":31,"column":25},"end":{"line":31,"column":null}},"line":31},"3":{"name":"(anonymous_3)","decl":{"start":{"line":42,"column":21},"end":{"line":42,"column":22}},"loc":{"start":{"line":42,"column":28},"end":{"line":45,"column":null}},"line":42}},"branchMap":{"0":{"loc":{"start":{"line":14,"column":2},"end":{"line":14,"column":null}},"type":"if","locations":[{"start":{"line":14,"column":2},"end":{"line":14,"column":null}},{"start":{},"end":{}}],"line":14},"1":{"loc":{"start":{"line":23,"column":14},"end":{"line":25,"column":null}},"type":"cond-expr","locations":[{"start":{"line":24,"column":16},"end":{"line":24,"column":null}},{"start":{"line":25,"column":16},"end":{"line":25,"column":null}}],"line":23},"2":{"loc":{"start":{"line":29,"column":28},"end":{"line":29,"column":null}},"type":"cond-expr","locations":[{"start":{"line":29,"column":61},"end":{"line":29,"column":77}},{"start":{"line":29,"column":77},"end":{"line":29,"column":null}}],"line":29},"3":{"loc":{"start":{"line":46,"column":64},"end":{"line":46,"column":148}},"type":"cond-expr","locations":[{"start":{"line":46,"column":97},"end":{"line":46,"column":113}},{"start":{"line":46,"column":113},"end":{"line":46,"column":148}}],"line":46},"4":{"loc":{"start":{"line":52,"column":11},"end":{"line":53,"column":null}},"type":"binary-expr","locations":[{"start":{"line":52,"column":11},"end":{"line":52,"column":null}},{"start":{"line":53,"column":13},"end":{"line":53,"column":null}}],"line":52}},"s":{"0":2,"1":38,"2":19,"3":18,"4":21,"5":1,"6":5,"7":5},"f":{"0":38,"1":21,"2":1,"3":5},"b":{"0":[19,19],"1":[12,9],"2":[12,9],"3":[12,9],"4":[21,12]},"meta":{"lastBranch":5,"lastFunction":4,"lastStatement":8,"seen":{"s:13:38:62:Infinity":0,"f:13:38:13:39":0,"b:14:2:14:Infinity:undefined:undefined:undefined:undefined":0,"s:14:2:14:Infinity":1,"s:14:29:14:Infinity":2,"s:16:2:60:Infinity":3,"f:18:20:18:21":1,"s:19:8:55:Infinity":4,"b:24:16:24:Infinity:25:16:25:Infinity":1,"b:29:61:29:77:29:77:29:Infinity":2,"f:31:19:31:25":2,"s:31:25:31:Infinity":5,"f:42:21:42:22":3,"s:43:14:43:Infinity":6,"s:44:14:44:Infinity":7,"b:46:97:46:113:46:113:46:148":3,"b:52:11:52:Infinity:53:13:53:Infinity":4}}}
,"C:\\quantum-billing-repo\\nebulaterm-ai\\components\\Terminal.tsx": {"path":"C:\\quantum-billing-repo\\nebulaterm-ai\\components\\Terminal.tsx","statementMap":{"0":{"start":{"line":18,"column":42},"end":{"line":656,"column":null}},"1":{"start":{"line":19,"column":26},"end":{"line":19,"column":null}},"2":{"start":{"line":20,"column":32},"end":{"line":20,"column":null}},"3":{"start":{"line":21,"column":28},"end":{"line":21,"column":null}},"4":{"start":{"line":22,"column":36},"end":{"line":22,"column":null}},"5":{"start":{"line":23,"column":36},"end":{"line":23,"column":null}},"6":{"start":{"line":24,"column":46},"end":{"line":24,"column":null}},"7":{"start":{"line":25,"column":46},"end":{"line":25,"column":null}},"8":{"start":{"line":26,"column":8},"end":{"line":26,"column":null}},"9":{"start":{"line":28,"column":8},"end":{"line":28,"column":null}},"10":{"start":{"line":29,"column":8},"end":{"line":29,"column":null}},"11":{"start":{"line":30,"column":8},"end":{"line":30,"column":null}},"12":{"start":{"line":31,"column":8},"end":{"line":31,"column":null}},"13":{"start":{"line":32,"column":8},"end":{"line":32,"column":null}},"14":{"start":{"line":33,"column":8},"end":{"line":33,"column":null}},"15":{"start":{"line":36,"column":2},"end":{"line":39,"column":null}},"16":{"start":{"line":37,"column":4},"end":{"line":37,"column":null}},"17":{"start":{"line":38,"column":4},"end":{"line":38,"column":null}},"18":{"start":{"line":42,"column":2},"end":{"line":163,"column":null}},"19":{"start":{"line":43,"column":4},"end":{"line":43,"column":null}},"20":{"start":{"line":43,"column":30},"end":{"line":43,"column":null}},"21":{"start":{"line":46,"column":17},"end":{"line":76,"column":null}},"22":{"start":{"line":79,"column":21},"end":{"line":79,"column":null}},"23":{"start":{"line":80,"column":26},"end":{"line":80,"column":null}},"24":{"start":{"line":81,"column":24},"end":{"line":81,"column":null}},"25":{"start":{"line":83,"column":4},"end":{"line":83,"column":null}},"26":{"start":{"line":84,"column":4},"end":{"line":84,"column":null}},"27":{"start":{"line":85,"column":4},"end":{"line":85,"column":null}},"28":{"start":{"line":88,"column":4},"end":{"line":88,"column":null}},"29":{"start":{"line":91,"column":4},"end":{"line":105,"column":null}},"30":{"start":{"line":92,"column":6},"end":{"line":104,"column":null}},"31":{"start":{"line":93,"column":8},"end":{"line":93,"column":null}},"32":{"start":{"line":95,"column":8},"end":{"line":95,"column":null}},"33":{"start":{"line":97,"column":8},"end":{"line":103,"column":null}},"34":{"start":{"line":98,"column":10},"end":{"line":102,"column":null}},"35":{"start":{"line":99,"column":12},"end":{"line":99,"column":null}},"36":{"start":{"line":101,"column":12},"end":{"line":101,"column":null}},"37":{"start":{"line":108,"column":4},"end":{"line":130,"column":null}},"38":{"start":{"line":109,"column":6},"end":{"line":113,"column":null}},"39":{"start":{"line":114,"column":6},"end":{"line":129,"column":null}},"40":{"start":{"line":115,"column":8},"end":{"line":115,"column":null}},"41":{"start":{"line":116,"column":8},"end":{"line":123,"column":null}},"42":{"start":{"line":122,"column":10},"end":{"line":122,"column":null}},"43":{"start":{"line":125,"column":8},"end":{"line":128,"column":null}},"44":{"start":{"line":133,"column":4},"end":{"line":133,"column":null}},"45":{"start":{"line":134,"column":4},"end":{"line":134,"column":null}},"46":{"start":{"line":137,"column":25},"end":{"line":154,"column":null}},"47":{"start":{"line":138,"column":6},"end":{"line":153,"column":null}},"48":{"start":{"line":139,"column":8},"end":{"line":139,"column":null}},"49":{"start":{"line":140,"column":8},"end":{"line":150,"column":null}},"50":{"start":{"line":141,"column":10},"end":{"line":149,"column":null}},"51":{"start":{"line":148,"column":12},"end":{"line":148,"column":null}},"52":{"start":{"line":152,"column":8},"end":{"line":152,"column":null}},"53":{"start":{"line":156,"column":4},"end":{"line":156,"column":null}},"54":{"start":{"line":159,"column":4},"end":{"line":162,"column":null}},"55":{"start":{"line":160,"column":6},"end":{"line":160,"column":null}},"56":{"start":{"line":161,"column":6},"end":{"line":161,"column":null}},"57":{"start":{"line":166,"column":2},"end":{"line":196,"column":null}},"58":{"start":{"line":167,"column":4},"end":{"line":167,"column":null}},"59":{"start":{"line":167,"column":20},"end":{"line":167,"column":null}},"60":{"start":{"line":169,"column":10},"end":{"line":174,"column":null}},"61":{"start":{"line":170,"column":22},"end":{"line":170,"column":null}},"62":{"start":{"line":171,"column":6},"end":{"line":173,"column":null}},"63":{"start":{"line":172,"column":8},"end":{"line":172,"column":null}},"64":{"start":{"line":176,"column":10},"end":{"line":190,"column":null}},"65":{"start":{"line":177,"column":22},"end":{"line":177,"column":null}},"66":{"start":{"line":178,"column":6},"end":{"line":189,"column":null}},"67":{"start":{"line":180,"column":8},"end":{"line":180,"column":null}},"68":{"start":{"line":182,"column":8},"end":{"line":182,"column":null}},"69":{"start":{"line":183,"column":8},"end":{"line":183,"column":null}},"70":{"start":{"line":184,"column":8},"end":{"line":184,"column":null}},"71":{"start":{"line":185,"column":8},"end":{"line":188,"column":null}},"72":{"start":{"line":186,"column":10},"end":{"line":186,"column":null}},"73":{"start":{"line":187,"column":10},"end":{"line":187,"column":null}},"74":{"start":{"line":192,"column":4},"end":{"line":195,"column":null}},"75":{"start":{"line":193,"column":6},"end":{"line":193,"column":null}},"76":{"start":{"line":193,"column":34},"end":{"line":193,"column":38}},"77":{"start":{"line":194,"column":6},"end":{"line":194,"column":null}},"78":{"start":{"line":194,"column":38},"end":{"line":194,"column":42}},"79":{"start":{"line":199,"column":2},"end":{"line":307,"column":null}},"80":{"start":{"line":200,"column":4},"end":{"line":202,"column":null}},"81":{"start":{"line":201,"column":6},"end":{"line":201,"column":null}},"82":{"start":{"line":205,"column":4},"end":{"line":207,"column":null}},"83":{"start":{"line":206,"column":6},"end":{"line":206,"column":null}},"84":{"start":{"line":210,"column":4},"end":{"line":210,"column":null}},"85":{"start":{"line":212,"column":28},"end":{"line":298,"column":null}},"86":{"start":{"line":213,"column":6},"end":{"line":213,"column":null}},"87":{"start":{"line":215,"column":6},"end":{"line":221,"column":null}},"88":{"start":{"line":216,"column":8},"end":{"line":220,"column":null}},"89":{"start":{"line":217,"column":10},"end":{"line":217,"column":null}},"90":{"start":{"line":219,"column":10},"end":{"line":219,"column":null}},"91":{"start":{"line":223,"column":6},"end":{"line":297,"column":null}},"92":{"start":{"line":224,"column":29},"end":{"line":224,"column":null}},"93":{"start":{"line":225,"column":8},"end":{"line":225,"column":null}},"94":{"start":{"line":226,"column":8},"end":{"line":226,"column":null}},"95":{"start":{"line":228,"column":8},"end":{"line":273,"column":null}},"96":{"start":{"line":230,"column":23},"end":{"line":230,"column":null}},"97":{"start":{"line":231,"column":23},"end":{"line":231,"column":null}},"98":{"start":{"line":233,"column":25},"end":{"line":239,"column":null}},"99":{"start":{"line":241,"column":10},"end":{"line":241,"column":null}},"100":{"start":{"line":242,"column":10},"end":{"line":242,"column":null}},"101":{"start":{"lin
[...]
82":{"start":{"line":289,"column":19},"end":{"line":305,"column":null}},"83":{"start":{"line":307,"column":2},"end":{"line":307,"column":null}},"84":{"start":{"line":307,"column":20},"end":{"line":307,"column":null}},"85":{"start":{"line":309,"column":15},"end":{"line":309,"column":null}},"86":{"start":{"line":310,"column":18},"end":{"line":310,"column":null}},"87":{"start":{"line":311,"column":2},"end":{"line":311,"column":null}}},"fnMap":{"0":{"name":"(anonymous_0)","decl":{"start":{"line":28,"column":21},"end":{"line":28,"column":null}},"loc":{"start":{"line":32,"column":26},"end":{"line":67,"column":null}},"line":32},"1":{"name":"(anonymous_1)","decl":{"start":{"line":69,"column":29},"end":{"line":69,"column":null}},"loc":{"start":{"line":72,"column":26},"end":{"line":96,"column":null}},"line":72},"2":{"name":"callGemini","decl":{"start":{"line":101,"column":15},"end":{"line":101,"column":26}},"loc":{"start":{"line":101,"column":94},"end":{"line":121,"column":null}},"line":101},"3":{"name":"callOpenAICompatible","decl":{"start":{"line":124,"column":15},"end":{"line":124,"column":36}},"loc":{"start":{"line":124,"column":108},"end":{"line":150,"column":null}},"line":124},"4":{"name":"callAnthropic","decl":{"start":{"line":153,"column":15},"end":{"line":153,"column":29}},"loc":{"start":{"line":153,"column":79},"end":{"line":182,"column":null}},"line":153},"5":{"name":"callOllama","decl":{"start":{"line":185,"column":15},"end":{"line":185,"column":26}},"loc":{"start":{"line":185,"column":76},"end":{"line":285,"column":null}},"line":185},"6":{"name":"callOpenRouter","decl":{"start":{"line":288,"column":15},"end":{"line":288,"column":30}},"loc":{"start":{"line":288,"column":80},"end":{"line":312,"column":null}},"line":288}},"branchMap":{"0":{"loc":{"start":{"line":35,"column":2},"end":{"line":37,"column":null}},"type":"if","locations":[{"start":{"line":35,"column":2},"end":{"line":37,"column":null}},{"start":{},"end":{}}],"line":35},"1":{"loc":{"start":{"line":35,"column":6},"end":{"line":35,"column":91}},"type":"binary-expr","locations":[{"start":{"line":35,"column":6},"end":{"line":35,"column":26}},{"start":{"line":35,"column":26},"end":{"line":35,"column":52}},{"start":{"line":35,"column":52},"end":{"line":35,"column":91}}],"line":35},"2":{"loc":{"start":{"line":48,"column":4},"end":{"line":62,"column":null}},"type":"switch","locations":[{"start":{"line":49,"column":6},"end":{"line":50,"column":null}},{"start":{"line":51,"column":6},"end":{"line":51,"column":null}},{"start":{"line":52,"column":6},"end":{"line":53,"column":null}},{"start":{"line":54,"column":6},"end":{"line":55,"column":null}},{"start":{"line":56,"column":6},"end":{"line":57,"column":null}},{"start":{"line":58,"column":6},"end":{"line":59,"column":null}},{"start":{"line":60,"column":6},"end":{"line":61,"column":null}}],"line":48},"3":{"loc":{"start":{"line":65,"column":74},"end":{"line":65,"column":106}},"type":"binary-expr","locations":[{"start":{"line":65,"column":74},"end":{"line":65,"column":91}},{"start":{"line":65,"column":91},"end":{"line":65,"column":106}}],"line":65},"4":{"loc":{"start":{"line":78,"column":4},"end":{"line":92,"column":null}},"type":"switch","locations":[{"start":{"line":79,"column":6},"end":{"line":80,"column":null}},{"start":{"line":81,"column":6},"end":{"line":81,"column":null}},{"start":{"line":82,"column":6},"end":{"line":83,"column":null}},{"start":{"line":84,"column":6},"end":{"line":85,"column":null}},{"start":{"line":86,"column":6},"end":{"line":87,"column":null}},{"start":{"line":88,"column":6},"end":{"line":89,"column":null}},{"start":{"line":90,"column":6},"end":{"line":91,"column":null}}],"line":78},"5":{"loc":{"start":{"line":106,"column":13},"end":{"line":106,"column":null}},"type":"binary-expr","locations":[{"start":{"line":106,"column":13},"end":{"line":106,"column":22}},{"start":{"line":106,"column":22},"end":{"line":106,"column":null}}],"line":106},"6":{"loc":{"start":{"line":116,"column":4},"end":{"line":116,"column":null}},"type":"if","locations":[{"start":{"line":116,"column":4},"end":{"line":116,"column":null}},{"start":{},"end":{}}],"line":116},"7":{"loc":{"start":{"line":125,"column":18},"end":{"line":127,"column":null}},"type":"cond-expr","locations":[{"start":{"line":126,"column":6},"end":{"line":126,"column":null}},{"start":{"line":127,"column":6},"end":{"line":127,"column":null}}],"line":125},"8":{"loc":{"start":{"line":136,"column":13},"end":{"line":136,"column":null}},"type":"binary-expr","locations":[{"start":{"line":136,"column":13},"end":{"line":136,"column":30}},{"start":{"line":136,"column":30},"end":{"line":136,"column":null}}],"line":136},"9":{"loc":{"start":{"line":136,"column":30},"end":{"line":136,"column":null}},"type":"cond-expr","locations":[{"start":{"line":136,"column":56},"end":{"line":136,"column":70}},{"start":{"line":136,"column":70},"end":{"line":136,"column":null}}],"line":136},"10":{"loc":{"start":{"line":145,"column":2},"end":{"line":145,"column":null}},"type":"if","locations":[{"start":{"line":145,"column":2},"end":{"line":145,"column":null}},{"start":{},"end":{}}],"line":145},"11":{"loc":{"start":{"line":163,"column":13},"end":{"line":163,"column":null}},"type":"binary-expr","locations":[{"start":{"line":163,"column":13},"end":{"line":163,"column":29}},{"start":{"line":163,"column":29},"end":{"line":163,"column":null}}],"line":163},"12":{"loc":{"start":{"line":170,"column":2},"end":{"line":170,"column":null}},"type":"if","locations":[{"start":{"line":170,"column":2},"end":{"line":170,"column":null}},{"start":{},"end":{}}],"line":170},"13":{"loc":{"start":{"line":179,"column":4},"end":{"line":179,"column":null}},"type":"if","locations":[{"start":{"line":179,"column":4},"end":{"line":179,"column":null}},{"start":{},"end":{}}],"line":179},"14":{"loc":{"start":{"line":186,"column":19},"end":{"line":186,"column":63}},"type":"binary-expr","locations":[{"start":{"line":186,"column":19},"end":{"line":186,"column":37}},{"start":{"line":186,"column":37},"end":{"line":186,"column":63}}],"line":186},"15":{"loc":{"start":{"line":203,"column":13},"end":{"line":203,"column":null}},"type":"binary-expr","locations":[{"start":{"line":203,"column":13},"end":{"line":203,"column":29}},{"start":{"line":203,"column":29},"end":{"line":203,"column":null}}],"line":203},"16":{"loc":{"start":{"line":215,"column":2},"end":{"line":217,"column":null}},"type":"if","locations":[{"start":{"line":215,"column":2},"end":{"line":217,"column":null}},{"start":{},"end":{}}],"line":215},"17":{"loc":{"start":{"line":222,"column":2},"end":{"line":224,"column":null}},"type":"if","locations":[{"start":{"line":222,"column":2},"end":{"line":224,"column":null}},{"start":{},"end":{}}],"line":222},"18":{"loc":{"start":{"line":222,"column":6},"end":{"line":222,"column":53}},"type":"binary-expr","locations":[{"start":{"line":222,"column":6},"end":{"line":222,"column":24}},{"start":{"line":222,"column":24},"end":{"line":222,"column":53}}],"line":222},"19":{"loc":{"start":{"line":234,"column":4},"end":{"line":239,"column":null}},"type":"if","locations":[{"start":{"line":234,"column":4},"end":{"line":239,"column":null}},{"start":{},"end":{}}],"line":234},"20":{"loc":{"start":{"line":234,"column":8},"end":{"line":234,"column":66}},"type":"binary-expr","locations":[{"start":{"line":234,"column":8},"end":{"line":234,"column":27}},{"start":{"line":234,"column":27},"end":{"line":234,"column":66}}],"line":234},"21":{"loc":{"start":{"line":236,"column":18},"end":{"line":236,"column":null}},"type":"binary-expr","locations":[{"start":{"line":236,"column":18},"end":{"line":236,"column":37}},{"start":{"line":236,"column":37},"end":{"line":236,"column":null}}],"line":236},"22":{"loc":{"start":{"line":246,"column":2},"end":{"line":258,"column":null}},"type":"if","locations":[{"start":{"line":246,"column":2},"end":{"line":258,"column":null}},{"start":{},"end":{}}],"line":246},"23":{"loc":{"start":{"line":249,"column":6},"end":{"line":254,"column":null}},"type":"if","locations":[{"start":{"line":249,"column":6},"end":{"line":254,"column":null}},{"start":{},"end":{}}],"line":249},"24":{"loc":{"start":{"line":249,"column":10},"end":{"line":249,"column":68}},"type":"binary-expr","locations":[{"start":{"line":249,"column":10},"end":{"line":249,"column":29}},{"start":{"line":249,"column":29},"end":{"line":249,"column":68}}],"line":249},"25":{"loc":{"start":{"line":251,"column":20},"end":{"line":251,"column":null}},"type":"binary-expr","locations":[{"start":{"line":251,"column":20},"end":{"line":251,"column":39}},{"start":{"line":251,"column":39},"end":{"line":251,"column":null}}],"line":251},"26":{"loc":{"start":{"line":262,"column":2},"end":{"line":274,"column":null}},"type":"if","locations":[{"start":{"line":262,"column":2},"end":{"line":274,"column":null}},{"start":{},"end":{}}],"line":262},"27":{"loc":{"start":{"line":265,"column":6},"end":{"line":270,"column":null}},"type":"if","locations":[{"start":{"line":265,"column":6},"end":{"line":270,"column":null}},{"start":{},"end":{}}],"line":265},"28":{"loc":{"start":{"line":265,"column":10},"end":{"line":265,"column":68}},"type":"binary-expr","locations":[{"start":{"line":265,"column":10},"end":{"line":265,"column":29}},{"start":{"line":265,"column":29},"end":{"line":265,"column":68}}],"line":265},"29":{"loc":{"start":{"line":267,"column":20},"end":{"line":267,"column":null}},"type":"binary-expr","locations":[{"start":{"line":267,"column":20},"end":{"line":267,"column":39}},{"start":{"line":267,"column":39},"end":{"line":267,"column":null}}],"line":267},"30":{"loc":{"start":{"line":284,"column":21},"end":{"line":284,"column":51}},"type":"binary-expr","locations":[{"start":{"line":284,"column":21},"end":{"line":284,"column":38}},{"start":{"line":284,"column":38},"end":{"line":284,"column":51}}],"line":284},"31":{"loc":{"start":{"line":298,"column":13},"end":{"line":298,"column":null}},"type":"binary-expr","locations":[{"start":{"line":298,"column":13},"end":{"line":298,"column":29}},{"start":{"line":298,"column":29},"end":{"line":298,"column":null}}],"line":298},"32":{"loc":{"start":{"line":307,"column":2},"end":{"line":307,"column":null}},"type":"if","locations":[{"start":{"line":307,"column":2},"end":{"line":307,"column":null}},{"start":{},"end":{}}],"line":307}},"s":{"0":2,"1":2,"2":2,"3":17,"4":17,"5":2,"6":15,"7":15,"8":15,"9":1,"10":3,"11":3,"12":7,"13":1,"14":0,"15":5,"16":5,"17":2,"18":4,"19":4,"20":4,"21":4,"22":0,"23":0,"24":0,"25":3,"26":0,"27":1,"28":2,"29":1,"30":1,"31":1,"32":0,"33":0,"34":0,"35":0,"36":1,"37":3,"38":3,"39":3,"40":1,"41":2,"42":2,"43":3,"44":3,"45":3,"46":0,"47":3,"48":3,"49":3,"50":3,"51":2,"52":2,"53":1,"54":1,"55":10,"56":10,"57":10,"58":7,"59":1,"60":6,"61":6,"62":1,"63":5,"64":5,"65":5,"66":5,"67":2,"68":3,"69":3,"70":1,"71":1,"72":1,"73":1,"74":2,"75":2,"76":1,"77":1,"78":1,"79":1,"80":1,"81":1,"82":1,"83":1,"84":0,"85":1,"86":1,"87":1},"f":{"0":17,"1":4,"2":1,"3":3,"4":3,"5":10,"6":1},"b":{"0":[2,15],"1":[17,16,8],"2":[1,2,3,3,7,1,0],"3":[5,0],"4":[0,0,0,0,3,0,1],"5":[1,0],"6":[0,0],"7":[1,2],"8":[3,0],"9":[0,0],"10":[1,2],"11":[3,0],"12":[0,3],"13":[1,1],"14":[10,0],"15":[10,0],"16":[1,6],"17":[1,5],"18":[6,5],"19":[2,3],"20":[5,0],"21":[2,0],"22":[1,2],"23":[1,0],"24":[1,0],"25":[1,0],"26":[1,1],"27":[1,0],"28":[1,0],"29":[1,0],"30":[1,0],"31":[1,0],"32":[0,1]},"meta":{"lastBranch":33,"lastFunction":7,"lastStatement":88,"seen":{"s:6:29:13:Infinity":0,"s:16:22:16:Infinity":1,"s:28:21:67:Infinity":2,"f:28:21:28:Infinity":0,"s:33:25:33:Infinity":3,"b:35:2:37:Infinity:undefined:undefined:undefined:undefined":0,"s:35:2:37:Infinity":4,"b:35:6:35:26:35:26:35:52:35:52:35:91":1,"s:36:4:36:Infinity":5,"s:39:17:44:Infinity":6,"s:47:2:66:Infinity":7,"b:49:6:50:Infinity:51:6:51:Infinity:52:6:53:Infinity:54:6:55:Infinity:56:6:57:Infinity:58:6:59:Infinity:60:6:61:Infinity":2,"s:48:4:62:Infinity":8,"s:50:8:50:Infinity":9,"s:53:8:53:Infinity":10,"s:55:8:55:Infinity":11,"s:57:8:57:Infinity":12,"s:59:8:59:Infinity":13,"s:61:8:61:Infinity":14,"s:64:4:64:Infinity":15,"s:65:4:65:Infinity":16,"b:65:74:65:91:65:91:65:106":3,"s:69:29:96:Infinity":17,"f:69:29:69:Infinity":1,"s:73:25:73:Infinity":18,"s:74:17:74:Infinity":19,"s:76:2:95:Infinity":20,"b:79:6:80:Infinity:81:6:81:Infinity:82:6:83:Infinity:84:6:85:Infinity:86:6:87:Infinity:88:6:89:Infinity:90:6:91:Infinity":4,"s:78:4:92:Infinity":21,"s:80:8:80:Infinity":22,"s:83:8:83:Infinity":23,"s:85:8:85:Infinity":24,"s:87:8:87:Infinity":25,"s:89:8:89:Infinity":26,"s:91:8:91:Infinity":27,"s:94:4:94:Infinity":28,"f:101:15:101:26":2,"s:102:13:102:Infinity":29,"s:104:2:120:Infinity":30,"s:105:21:113:Infinity":31,"b:106:13:106:22:106:22:106:Infinity":5,"s:115:17:115:Infinity":32,"b:116:4:116:Infinity:undefined:undefined:undefined:undefined":6,"s:116:4:116:Infinity":33,"s:116:15:116:Infinity":34,"s:117:4:117:Infinity":35,"s:119:4:119:Infinity":36,"f:124:15:124:36":3,"s:125:18:127:Infinity":37,"b:126:6:126:Infinity:127:6:127:Infinity":7,"s:129:19:143:Infinity":38,"b:136:13:136:30:136:30:136:Infinity":8,"b:136:56:136:70:136:70:136:Infinity":9,"b:145:2:145:Infinity:undefined:undefined:undefined:undefined":10,"s:145:2:145:Infinity":39,"s:145:20:145:Infinity":40,"s:147:15:147:Infinity":41,"s:148:18:148:Infinity":42,"s:149:2:149:Infinity":43,"f:153:15:153:29":4,"s:154:19:168:Infinity":44,"b:163:13:163:29:163:29:163:Infinity":11,"b:170:2:170:Infinity:undefined:undefined:undefined:undefined":12,"s:170:2:170:Infinity":45,"s:170:20:170:Infinity":46,"s:172:15:172:Infinity":47,"s:173:18:173:Infinity":48,"s:175:2:181:Infinity":49,"s:176:4:176:Infinity":50,"s:178:18:178:Infinity":51,"b:179:4:179:Infinity:undefined:undefined:undefined:undefined":13,"s:179:4:179:Infinity":52,"s:179:15:179:Infinity":53,"s:180:4:180:Infinity":54,"f:185:15:185:26":5,"s:186:8:186:Infinity":55,"b:186:19:186:37:186:37:186:63":14,"s:189:25:189:Infinity":56,"s:199:19:213:Infinity":57,"b:203:13:203:29:203:29:203:Infinity":15,"b:215:2:217:Infinity:undefined:undefined:undefined:undefined":16,"s:215:2:217:Infinity":58,"s:216:4:216:Infinity":59,"s:219:15:219:Infinity":60,"b:222:2:224:Infinity:undefined:undefined:undefined:undefined":17,"s:222:2:224:Infinity":61,"b:222:6:222:24:222:24:222:53":18,"s:223:4:223:Infinity":62,"s:226:23:226:Infinity":63,"s:231:2:242:Infinity":64,"s:232:19:232:Infinity":65,"b:234:4:239:Infinity:undefined:undefined:undefined:undefined":19,"s:234:4:239:Infinity":66,"b:234:8:234:27:234:27:234:66":20,"s:235:6:238:Infinity":67,"b:236:18:236:37:236:37:236:Infinity":21,"s:245:25:245:Infinity":68,"b:246:2:258:Infinity:undefined:undefined:undefined:undefined":22,"s:246:2:258:Infinity":69,"s:247:4:257:Infinity":70,"s:248:21:248:Infinity":71,"b:249:6:254:Infinity:undefined:undefined:undefined:undefined":23,"s:249:6:254:Infinity":72,"b:249:10:249:29:249:29:249:68":24,"s:250:8:253:Infinity":73,"b:251:20:251:39:251:39:251:Infinity":25,"s:261:20:261:Infinity":74,"b:262:2:274:Infinity:undefined:undefined:undefined:undefined":26,"s:262:2:274:Infinity":75,"s:263:4:273:Infinity":76,"s:264:21:264:Infinity":77,"b:265:6:270:Infinity:undefined:undefined:undefined:undefined":27,"s:265:6:270:Infinity":78,"b:265:10:265:29:265:29:265:68":28,"s:266:8:269:Infinity":79,"b:267:20:267:39:267:39:267:Infinity":29,"s:278:24:282:Infinity":80,"s:284:2:284:Infinity":81,"b:284:21:284:38:284:38:284:51":30,"f:288:15:288:30":6,"s:289:19:305:Infinity":82,"b:298:13:298:29:298:29:298:Infinity":31,"b:307:2:307:Infinity:undefined:undefined:undefined:undefined":32,"s:307:2:307:Infinity":83,"s:307:20:307:Infinity":84,"s:309:15:309:Infinity":85,"s:310:18:310:Infinity":86,"s:311:2:311:Infinity":87}}}
,"C:\\quantum-billing-repo\\nebulaterm-ai\\services\\geminiService.ts": {"path":"C:\\quantum-billing-repo\\nebulaterm-ai\\services\\geminiService.ts","statementMap":{"0":{"start":{"line":6,"column":11},"end":{"line":6,"column":null}},"1":{"start":{"line":8,"column":17},"end":{"line":8,"column":null}},"2":{"start":{"line":11,"column":23},"end":{"line":25,"column":null}},"3":{"start":{"line":27,"column":36},"end":{"line":77,"column":null}},"4":{"start":{"line":31,"column":2},"end":{"line":76,"column":null}},"5":{"start":{"line":32,"column":30},"end":{"line":32,"column":null}},"6":{"start":{"line":44,"column":19},"end":{"line":49,"column":null}},"7":{"start":{"line":52,"column":21},"end":{"line":60,"column":null}},"8":{"start":{"line":62,"column":17},"end":{"line":62,"column":null}},"9":{"start":{"line":63,"column":4},"end":{"line":63,"column":null}},"10":{"start":{"line":63,"column":15},"end":{"line":63,"column":null}},"11":{"start":{"line":65,"column":19},"end":{"line":65,"column":null}},"12":{"start":{"line":66,"column":4},"end":{"line":69,"column":null}},"13":{"start":{"line":72,"column":4},"end":{"line":72,"column":null}},"14":{"start":{"line":73,"column":4},"end":{"line":75,"column":null}},"15":{"start":{"line":79,"column":34},"end":{"line":113,"column":null}},"16":{"start":{"line":80,"column":2},"end":{"line":112,"column":null}},"17":{"start":{"line":81,"column":19},"end":{"line":83,"column":null}},"18":{"start":{"line":89,"column":21},"end":{"line":96,"column":null}},"19":{"start":{"line":98,"column":17},"end":{"line":98,"column":null}},"20":{"start":{"line":99,"column":4},"end":{"line":99,"column":null}},"21":{"start":{"line":99,"column":15},"end":{"line":99,"column":null}},"22":{"start":{"line":101,"column":19},"end":{"line":101,"column":null}},"23":{"start":{"line":102,"column":4},"end":{"line":105,"column":null}},"24":{"start":{"line":108,"column":4},"end":{"line":111,"column":null}}},"fnMap":{"0":{"name":"(anonymous_0)","decl":{"start":{"line":27,"column":36},"end":{"line":27,"column":null}},"loc":{"start":{"line":30,"column":26},"end":{"line":77,"column":null}},"line":30},"1":{"name":"(anonymous_1)","decl":{"start":{"line":79,"column":34},"end":{"line":79,"column":41}},"loc":{"start":{"line":79,"column":82},"end":{"line":113,"column":null}},"line":79}},"branchMap":{"0":{"loc":{"start":{"line":63,"column":4},"end":{"line":63,"column":null}},"type":"if","locations":[{"start":{"line":63,"column":4},"end":{"line":63,"column":null}},{"start":{},"end":{}}],"line":63},"1":{"loc":{"start":{"line":68,"column":24},"end":{"line":68,"column":null}},"type":"binary-expr","locations":[{"start":{"line":68,"column":24},"end":{"line":68,"column":51}},{"start":{"line":68,"column":51},"end":{"line":68,"column":null}}],"line":68},"2":{"loc":{"start":{"line":99,"column":4},"end":{"line":99,"column":null}},"type":"if","locations":[{"start":{"line":99,"column":4},"end":{"line":99,"column":null}},{"start":{},"end":{}}],"line":99},"3":{"loc":{"start":{"line":104,"column":24},"end":{"line":104,"column":null}},"type":"binary-expr","locations":[{"start":{"line":104,"column":24},"end":{"line":104,"column":51}},{"start":{"line":104,"column":51},"end":{"line":104,"column":null}}],"line":104}},"s":{"0":1,"1":1,"2":1,"3":1,"4":3,"5":3,"6":3,"7":3,"8":2,"9":2,"10":2,"11":1,"12":1,"13":2,"14":2,"15":1,"16":2,"17":2,"18":2,"19":1,"20":1,"21":0,"22":1,"23":1,"24":1},"f":{"0":3,"1":2},"b":{"0":[1,1],"1":[1,0],"2":[0,1],"3":[1,0]},"meta":{"lastBranch":4,"lastFunction":2,"lastStatement":25,"seen":{"s:6:11:6:Infinity":0,"s:8:17:8:Infinity":1,"s:11:23:25:Infinity":2,"s:27:36:77:Infinity":3,"f:27:36:27:Infinity":0,"s:31:2:76:Infinity":4,"s:32:30:32:Infinity":5,"s:44:19:49:Infinity":6,"s:52:21:60:Infinity":7,"s:62:17:62:Infinity":8,"b:63:4:63:Infinity:undefined:undefined:undefined:undefined":0,"s:63:4:63:Infinity":9,"s:63:15:63:Infinity":10,"s:65:19:65:Infinity":11,"s:66:4:69:Infinity":12,"b:68:24:68:51:68:51:68:Infinity":1,"s:72:4:72:Infinity":13,"s:73:4:75:Infinity":14,"s:79:34:113:Infinity":15,"f:79:34:79:41":1,"s:80:2:112:Infinity":16,"s:81:19:83:Infinity":17,"s:89:21:96:Infinity":18,"s:98:17:98:Infinity":19,"b:99:4:99:Infinity:undefined:undefined:undefined:undefined":2,"s:99:4:99:Infinity":20,"s:99:15:99:Infinity":21,"s:101:19:101:Infinity":22,"s:102:4:105:Infinity":23,"b:104:24:104:51:104:51:104:Infinity":3,"s:108:4:111:Infinity":24}}}
}
